WARNING 2025-08-11 11:32:25,079 jazzmin.utils: Could not reverse url from auth.user
WARNING 2025-08-11 11:32:25,081 jazzmin.utils: Could not reverse url from auth.user
INFO 2025-08-12 10:00:01,123 django.server: "GET /admin/ HTTP/1.1" 200 1024
WARNING 2025-08-12 10:00:02,456 jazzmin.utils: Could not reverse url from auth.user
ERROR 2025-08-12 10:00:03,789 django.request: Internal Server Error: /api/test/
INFO 2025-08-12 10:00:04,012 myapp.views: User logged in: admin
DEBUG 2025-08-12 10:00:05,345 django.db.backends: SELECT * FROM auth_user WHERE username = "admin"
WARNING 2025-08-12 10:00:06,678 django.security: Suspicious operation: Invalid HTTP_HOST header
CRITICAL 2025-08-12 10:00:07,901 myapp.payments: Payment gateway connection failed
INFO 2025-08-12 10:00:08,234 django.server: "POST /admin/login/ HTTP/1.1" 302 0
ERROR 2025-08-12 10:00:09,567 django.request: ValueError at /api/data/: Invalid data format
DEBUG 2025-08-12 10:00:10,890 myapp.tasks: Background task started: process_emails
INFO 2025-08-12 10:00:11,123 django.server: "GET /admin/logs/ HTTP/1.1" 200 2048
WARNING 2025-08-12 10:00:12,456 django.security: Potential security issue detected
ERROR 2025-08-12 10:00:13,789 myapp.models: Database connection timeout
CRITICAL 2025-08-12 10:00:14,012 system.health: System resources critically low
INFO 2025-08-12 14:09:12,355 autoreload: Watching for file changes with StatReloader
INFO 2025-08-12 14:09:36,644 basehttp: "GET /admin/?id=eb62dd40-0eef-494c-9c50-f00ef4dc1df8&vscodeBrowserReqId=1754995176634 HTTP/1.1" 302 0
INFO 2025-08-12 14:09:36,717 basehttp: "GET /admin/login/?next=/admin/%3Fid%3Deb62dd40-0eef-494c-9c50-f00ef4dc1df8%26vscodeBrowserReqId%3D1754995176634 HTTP/1.1" 200 4342
INFO 2025-08-12 14:10:04,131 basehttp: "GET /admin/?id=eb62dd40-0eef-494c-9c50-f00ef4dc1df8&vscodeBrowserReqId=1754995204126 HTTP/1.1" 302 0
INFO 2025-08-12 14:10:04,134 basehttp: "GET /admin/login/?next=/admin/%3Fid%3Deb62dd40-0eef-494c-9c50-f00ef4dc1df8%26vscodeBrowserReqId%3D1754995204126 HTTP/1.1" 200 4342
INFO 2025-08-12 14:10:19,350 basehttp: "GET /admin/ HTTP/1.1" 302 0
INFO 2025-08-12 14:10:19,356 basehttp: "GET /admin/login/?next=/admin/ HTTP/1.1" 200 4184
INFO 2025-08-12 14:10:19,502 basehttp: "GET /static/admin/css/dark_mode.css HTTP/1.1" 200 2808
INFO 2025-08-12 14:10:19,505 basehttp: "GET /static/admin/css/nav_sidebar.css HTTP/1.1" 200 2810
INFO 2025-08-12 14:10:19,507 basehttp: "GET /static/admin/css/login.css HTTP/1.1" 200 951
INFO 2025-08-12 14:10:19,514 basehttp: "GET /static/admin/css/base.css HTTP/1.1" 200 22120
INFO 2025-08-12 14:10:19,517 basehttp: "GET /static/admin/js/theme.js HTTP/1.1" 200 1653
INFO 2025-08-12 14:10:19,520 basehttp: "GET /static/admin/js/nav_sidebar.js HTTP/1.1" 200 3063
INFO 2025-08-12 14:10:19,521 basehttp: "GET /static/admin/css/responsive.css HTTP/1.1" 200 16565
WARNING 2025-08-12 14:10:19,671 log: Not Found: /favicon.ico
WARNING 2025-08-12 14:10:19,672 basehttp: "GET /favicon.ico HTTP/1.1" 404 2211
INFO 2025-08-12 14:11:01,674 basehttp: "POST /admin/login/?next=/admin/ HTTP/1.1" 200 4364
INFO 2025-08-12 14:11:07,289 basehttp: "POST /admin/login/?next=/admin/ HTTP/1.1" 200 4364
INFO 2025-08-12 14:11:10,959 basehttp: "POST /admin/login/?next=/admin/ HTTP/1.1" 200 4364
INFO 2025-08-12 14:11:24,703 basehttp: "POST /admin/login/?next=/admin/ HTTP/1.1" 200 4364
INFO 2025-08-12 14:11:43,743 basehttp: "POST /admin/login/?next=/admin/ HTTP/1.1" 302 0
INFO 2025-08-12 14:11:43,764 basehttp: "GET /admin/ HTTP/1.1" 200 4556
INFO 2025-08-12 14:11:43,795 basehttp: "GET /static/admin/css/base.css HTTP/1.1" 304 0
INFO 2025-08-12 14:11:43,795 basehttp: "GET /static/admin/css/dark_mode.css HTTP/1.1" 304 0
INFO 2025-08-12 14:11:43,796 basehttp: "GET /static/admin/css/nav_sidebar.css HTTP/1.1" 304 0
INFO 2025-08-12 14:11:43,798 basehttp: "GET /static/admin/css/responsive.css HTTP/1.1" 304 0
INFO 2025-08-12 14:11:43,798 basehttp: "GET /static/admin/css/dashboard.css HTTP/1.1" 200 441
INFO 2025-08-12 14:11:43,799 basehttp: "GET /static/admin/js/theme.js HTTP/1.1" 304 0
INFO 2025-08-12 14:11:43,800 basehttp: "GET /static/admin/js/nav_sidebar.js HTTP/1.1" 304 0
INFO 2025-08-12 14:12:03,130 basehttp: "GET /admin/logs/ HTTP/1.1" 200 6196
INFO 2025-08-12 14:12:03,171 basehttp: "GET /static/log_viewer/css/log_viewer.css HTTP/1.1" 200 5674
INFO 2025-08-12 14:12:13,913 basehttp: "GET /admin/logs/django.log/ HTTP/1.1" 200 20064
INFO 2025-08-12 14:12:13,945 basehttp: "GET /static/log_viewer/js/log_viewer.js HTTP/1.1" 200 5605
INFO 2025-08-12 14:12:14,974 basehttp: "GET /admin/logs/django.log/ajax/?page=1 HTTP/1.1" 200 7269
INFO 2025-08-12 14:12:15,992 basehttp: "GET /admin/logs/django.log/ajax/?page=1 HTTP/1.1" 200 7269
INFO 2025-08-12 14:12:16,976 basehttp: "GET /admin/logs/django.log/ajax/?page=1 HTTP/1.1" 200 7269
INFO 2025-08-12 14:12:17,988 basehttp: "GET /admin/logs/ HTTP/1.1" 200 6196
INFO 2025-08-12 14:12:18,001 basehttp: "GET /admin/logs/django.log/ajax/?page=1 HTTP/1.1" 200 7269
INFO 2025-08-12 14:12:22,946 basehttp: "GET /admin/logs/django.log/ HTTP/1.1" 200 20064
INFO 2025-08-12 14:12:23,994 basehttp: "GET /admin/logs/django.log/ajax/?page=1 HTTP/1.1" 200 7269
INFO 2025-08-12 14:12:24,970 basehttp: "GET /admin/logs/django.log/ajax/?page=1 HTTP/1.1" 200 7269
INFO 2025-08-12 14:12:25,984 basehttp: "GET /admin/logs/django.log/ajax/?page=1 HTTP/1.1" 200 7269
INFO 2025-08-12 14:12:26,971 basehttp: "GET /admin/logs/django.log/ajax/?page=1 HTTP/1.1" 200 7269
INFO 2025-08-12 14:12:27,985 basehttp: "GET /admin/logs/django.log/ajax/?page=1 HTTP/1.1" 200 7269
INFO 2025-08-12 14:12:28,977 basehttp: "GET /admin/logs/django.log/ajax/?page=1 HTTP/1.1" 200 7269
INFO 2025-08-12 14:12:29,998 basehttp: "GET /admin/logs/django.log/ajax/?page=1 HTTP/1.1" 200 7269
INFO 2025-08-12 14:12:30,966 basehttp: "GET /admin/logs/django.log/ajax/?page=1 HTTP/1.1" 200 7269
INFO 2025-08-12 14:12:31,988 basehttp: "GET /admin/logs/django.log/ajax/?page=1 HTTP/1.1" 200 7269
INFO 2025-08-12 14:12:32,972 basehttp: "GET /admin/logs/django.log/ajax/?page=1 HTTP/1.1" 200 7269
INFO 2025-08-12 14:12:33,997 basehttp: "GET /admin/logs/django.log/ajax/?page=1 HTTP/1.1" 200 7269
INFO 2025-08-12 14:12:34,979 basehttp: "GET /admin/logs/django.log/ajax/?page=1 HTTP/1.1" 200 7269
INFO 2025-08-12 14:12:35,985 basehttp: "GET /admin/logs/django.log/ajax/?page=1 HTTP/1.1" 200 7269
INFO 2025-08-12 14:12:36,967 basehttp: "GET /admin/logs/django.log/ajax/?page=1 HTTP/1.1" 200 7269
INFO 2025-08-12 14:12:37,988 basehttp: "GET /admin/logs/django.log/ajax/?page=1 HTTP/1.1" 200 7269
INFO 2025-08-12 14:12:38,972 basehttp: "GET /admin/logs/django.log/ajax/?page=1 HTTP/1.1" 200 7269
INFO 2025-08-12 14:12:39,985 basehttp: "GET /admin/logs/django.log/ajax/?page=1 HTTP/1.1" 200 7269
INFO 2025-08-12 14:12:40,968 basehttp: "GET /admin/logs/django.log/ajax/?page=1 HTTP/1.1" 200 7269
INFO 2025-08-12 14:12:41,986 basehttp: "GET /admin/logs/django.log/ajax/?page=1 HTTP/1.1" 200 7269
INFO 2025-08-12 14:12:42,968 basehttp: "GET /admin/logs/django.log/ajax/?page=1 HTTP/1.1" 200 7269
INFO 2025-08-12 14:12:43,997 basehttp: "GET /admin/logs/django.log/ajax/?page=1 HTTP/1.1" 200 7269
INFO 2025-08-12 14:12:44,973 basehttp: "GET /admin/logs/django.log/ajax/?page=1 HTTP/1.1" 200 7269
INFO 2025-08-12 14:12:45,995 basehttp: "GET /admin/logs/django.log/ajax/?page=1 HTTP/1.1" 200 7269
INFO 2025-08-12 14:12:46,966 basehttp: "GET /admin/logs/django.log/ajax/?page=1 HTTP/1.1" 200 7269
INFO 2025-08-12 14:12:47,990 basehttp: "GET /admin/logs/django.log/ajax/?page=1 HTTP/1.1" 200 7269
INFO 2025-08-12 14:12:48,966 basehttp: "GET /admin/logs/django.log/ajax/?page=1 HTTP/1.1" 200 7269
INFO 2025-08-12 14:12:50,951 basehttp: "GET /admin/logs/django.log/ajax/?page=1 HTTP/1.1" 200 7269
INFO 2025-08-12 14:12:52,924 basehttp: "GET /admin/logs/django.log/ajax/?page=1 HTTP/1.1" 200 7269
INFO 2025-08-12 14:12:54,942 basehttp: "GET /admin/logs/django.log/ajax/?page=1 HTTP/1.1" 200 7269
INFO 2025-08-12 14:12:56,921 basehttp: "GET /admin/logs/django.log/ajax/?page=1 HTTP/1.1" 200 7269
INFO 2025-08-12 14:12:58,939 basehttp: "GET /admin/logs/django.log/ajax/?page=1 HTTP/1.1" 200 7269
INFO 2025-08-12 14:12:59,969 basehttp: "GET /admin/logs/django.log/ajax/?page=1 HTTP/1.1" 200 7269
INFO 2025-08-12 14:13:00,984 basehttp: "GET /admin/logs/django.log/ajax/?page=1 HTTP/1.1" 200 7269
INFO 2025-08-12 14:13:01,969 basehttp: "GET /admin/logs/django.log/ajax/?page=1 HTTP/1.1" 200 7269
INFO 2025-08-12 14:13:02,991 basehttp: "GET /admin/logs/django.log/ajax/?page=1 HTTP/1.1" 200 7269
INFO 2025-08-12 14:13:03,966 basehttp: "GET /admin/logs/django.log/ajax/?page=1 HTTP/1.1" 200 7269
INFO 2025-08-12 14:13:04,988 basehttp: "GET /admin/logs/django.log/ajax/?page=1 HTTP/1.1" 200 7269
INFO 2025-08-12 14:13:05,971 basehttp: "GET /admin/logs/django.log/ajax/?page=1 HTTP/1.1" 200 7269
INFO 2025-08-12 14:13:06,994 basehttp: "GET /admin/logs/django.log/ajax/?page=1 HTTP/1.1" 200 7269
INFO 2025-08-12 14:13:07,976 basehttp: "GET /admin/logs/django.log/ajax/?page=1 HTTP/1.1" 200 7269
INFO 2025-08-12 14:13:08,986 basehttp: "GET /admin/logs/django.log/ajax/?page=1 HTTP/1.1" 200 7269
INFO 2025-08-12 14:13:09,966 basehttp: "GET /admin/logs/django.log/ajax/?page=1 HTTP/1.1" 200 7269
INFO 2025-08-12 14:13:10,988 basehttp: "GET /admin/logs/django.log/ajax/?page=1 HTTP/1.1" 200 7269
INFO 2025-08-12 14:13:11,974 basehttp: "GET /admin/logs/django.log/ajax/?page=1 HTTP/1.1" 200 7269
INFO 2025-08-12 14:13:12,986 basehttp: "GET /admin/logs/django.log/ajax/?page=1 HTTP/1.1" 200 7269
INFO 2025-08-12 14:13:13,971 basehttp: "GET /admin/logs/django.log/ajax/?page=1 HTTP/1.1" 200 7270
INFO 2025-08-12 14:13:15,000 basehttp: "GET /admin/logs/django.log/ajax/?page=1 HTTP/1.1" 200 7270
INFO 2025-08-12 14:13:15,981 basehttp: "GET /admin/logs/django.log/ajax/?page=1 HTTP/1.1" 200 7270
INFO 2025-08-12 14:13:16,988 basehttp: "GET /admin/logs/django.log/ajax/?page=1 HTTP/1.1" 200 7270
INFO 2025-08-12 14:13:17,971 basehttp: "GET /admin/logs/django.log/ajax/?page=1 HTTP/1.1" 200 7270
INFO 2025-08-12 14:13:18,984 basehttp: "GET /admin/logs/django.log/ajax/?page=1 HTTP/1.1" 200 7270
INFO 2025-08-12 14:13:19,979 basehttp: "GET /admin/logs/django.log/ajax/?page=1 HTTP/1.1" 200 7270
INFO 2025-08-12 14:13:20,987 basehttp: "GET /admin/logs/django.log/ajax/?page=1 HTTP/1.1" 200 7270
INFO 2025-08-12 14:13:21,969 basehttp: "GET /admin/logs/django.log/ajax/?page=1 HTTP/1.1" 200 7270
INFO 2025-08-12 14:13:22,991 basehttp: "GET /admin/logs/django.log/ajax/?page=1 HTTP/1.1" 200 7270
INFO 2025-08-12 14:13:23,976 basehttp: "GET /admin/logs/django.log/ajax/?page=1 HTTP/1.1" 200 7270
INFO 2025-08-12 14:13:24,985 basehttp: "GET /admin/logs/django.log/ajax/?page=1 HTTP/1.1" 200 7270
INFO 2025-08-12 14:13:25,968 basehttp: "GET /admin/logs/django.log/ajax/?page=1 HTTP/1.1" 200 7270
INFO 2025-08-12 14:13:26,991 basehttp: "GET /admin/logs/django.log/ajax/?page=1 HTTP/1.1" 200 7270
INFO 2025-08-12 14:13:27,972 basehttp: "GET /admin/logs/django.log/ajax/?page=1 HTTP/1.1" 200 7270
INFO 2025-08-12 14:13:28,989 basehttp: "GET /admin/logs/django.log/ajax/?page=1 HTTP/1.1" 200 7270
INFO 2025-08-12 14:13:29,973 basehttp: "GET /admin/logs/django.log/ajax/?page=1 HTTP/1.1" 200 7270
INFO 2025-08-12 14:13:30,998 basehttp: "GET /admin/logs/django.log/ajax/?page=1 HTTP/1.1" 200 7270
INFO 2025-08-12 14:13:31,965 basehttp: "GET /admin/logs/django.log/ajax/?page=1 HTTP/1.1" 200 7270
INFO 2025-08-12 14:13:32,986 basehttp: "GET /admin/logs/django.log/ajax/?page=1 HTTP/1.1" 200 7270
INFO 2025-08-12 14:13:33,972 basehttp: "GET /admin/logs/django.log/ajax/?page=1 HTTP/1.1" 200 7270
INFO 2025-08-12 14:13:34,989 basehttp: "GET /admin/logs/django.log/ajax/?page=1 HTTP/1.1" 200 7270
INFO 2025-08-12 14:13:35,967 basehttp: "GET /admin/logs/django.log/ajax/?page=1 HTTP/1.1" 200 7270
INFO 2025-08-12 14:13:36,987 basehttp: "GET /admin/logs/django.log/ajax/?page=1 HTTP/1.1" 200 7270
INFO 2025-08-12 14:13:37,965 basehttp: "GET /admin/logs/django.log/ajax/?page=1 HTTP/1.1" 200 7270
INFO 2025-08-12 14:13:38,992 basehttp: "GET /admin/logs/django.log/ajax/?page=1 HTTP/1.1" 200 7270
INFO 2025-08-12 14:13:39,965 basehttp: "GET /admin/logs/django.log/ajax/?page=1 HTTP/1.1" 200 7270
INFO 2025-08-12 14:13:40,986 basehttp: "GET /admin/logs/django.log/ajax/?page=1 HTTP/1.1" 200 7270
INFO 2025-08-12 14:13:41,980 basehttp: "GET /admin/logs/django.log/ajax/?page=1 HTTP/1.1" 200 7270
INFO 2025-08-12 14:13:42,992 basehttp: "GET /admin/logs/django.log/ajax/?page=1 HTTP/1.1" 200 7270
INFO 2025-08-12 14:13:43,978 basehttp: "GET /admin/logs/django.log/ajax/?page=1 HTTP/1.1" 200 7270
INFO 2025-08-12 14:13:44,989 basehttp: "GET /admin/logs/django.log/ajax/?page=1 HTTP/1.1" 200 7270
INFO 2025-08-12 14:13:45,967 basehttp: "GET /admin/logs/django.log/ajax/?page=1 HTTP/1.1" 200 7270
INFO 2025-08-12 14:13:46,994 basehttp: "GET /admin/logs/django.log/ajax/?page=1 HTTP/1.1" 200 7270
INFO 2025-08-12 14:13:47,975 basehttp: "GET /admin/logs/django.log/ajax/?page=1 HTTP/1.1" 200 7270
INFO 2025-08-12 14:13:48,991 basehttp: "GET /admin/logs/django.log/ajax/?page=1 HTTP/1.1" 200 7270
INFO 2025-08-12 14:13:49,970 basehttp: "GET /admin/logs/django.log/ajax/?page=1 HTTP/1.1" 200 7270
INFO 2025-08-12 14:13:50,993 basehttp: "GET /admin/logs/django.log/ajax/?page=1 HTTP/1.1" 200 7270
INFO 2025-08-12 14:13:51,965 basehttp: "GET /admin/logs/django.log/ajax/?page=1 HTTP/1.1" 200 7270
INFO 2025-08-12 14:13:52,994 basehttp: "GET /admin/logs/django.log/ajax/?page=1 HTTP/1.1" 200 7270
INFO 2025-08-12 14:13:53,973 basehttp: "GET /admin/logs/django.log/ajax/?page=1 HTTP/1.1" 200 7270
INFO 2025-08-12 14:13:54,994 basehttp: "GET /admin/logs/django.log/ajax/?page=1 HTTP/1.1" 200 7270
INFO 2025-08-12 14:13:55,966 basehttp: "GET /admin/logs/django.log/ajax/?page=1 HTTP/1.1" 200 7270
INFO 2025-08-12 14:13:56,989 basehttp: "GET /admin/logs/django.log/ajax/?page=1 HTTP/1.1" 200 7270
INFO 2025-08-12 14:13:57,976 basehttp: "GET /admin/logs/django.log/ajax/?page=1 HTTP/1.1" 200 7270
INFO 2025-08-12 14:13:58,994 basehttp: "GET /admin/logs/django.log/ajax/?page=1 HTTP/1.1" 200 7270
INFO 2025-08-12 14:13:59,974 basehttp: "GET /admin/logs/django.log/ajax/?page=1 HTTP/1.1" 200 7270
INFO 2025-08-12 14:14:00,997 basehttp: "GET /admin/logs/django.log/ajax/?page=1 HTTP/1.1" 200 7270
INFO 2025-08-12 14:14:01,978 basehttp: "GET /admin/logs/django.log/ajax/?page=1 HTTP/1.1" 200 7270
INFO 2025-08-12 14:14:02,987 basehttp: "GET /admin/logs/django.log/ajax/?page=1 HTTP/1.1" 200 7270
INFO 2025-08-12 14:14:03,973 basehttp: "GET /admin/logs/django.log/ajax/?page=1 HTTP/1.1" 200 7270
INFO 2025-08-12 14:14:04,988 basehttp: "GET /admin/logs/django.log/ajax/?page=1 HTTP/1.1" 200 7270
INFO 2025-08-12 14:14:05,968 basehttp: "GET /admin/logs/django.log/ajax/?page=1 HTTP/1.1" 200 7270
INFO 2025-08-12 14:14:06,983 basehttp: "GET /admin/logs/django.log/ajax/?page=1 HTTP/1.1" 200 7270
INFO 2025-08-12 14:14:07,971 basehttp: "GET /admin/logs/django.log/ajax/?page=1 HTTP/1.1" 200 7270
INFO 2025-08-12 14:14:08,994 basehttp: "GET /admin/logs/django.log/ajax/?page=1 HTTP/1.1" 200 7270
INFO 2025-08-12 14:14:09,966 basehttp: "GET /admin/logs/django.log/ajax/?page=1 HTTP/1.1" 200 7270
INFO 2025-08-12 14:14:10,984 basehttp: "GET /admin/logs/django.log/ajax/?page=1 HTTP/1.1" 200 7270
INFO 2025-08-12 14:14:11,495 basehttp: "GET /admin/logs/django.log/?page=3 HTTP/1.1" 200 20304
INFO 2025-08-12 14:14:11,532 basehttp: "GET /static/admin/css/dark_mode.css HTTP/1.1" 304 0
INFO 2025-08-12 14:14:11,532 basehttp: "GET /static/admin/css/base.css HTTP/1.1" 304 0
INFO 2025-08-12 14:14:11,535 basehttp: "GET /static/admin/js/theme.js HTTP/1.1" 304 0
INFO 2025-08-12 14:14:11,535 basehttp: "GET /static/admin/css/nav_sidebar.css HTTP/1.1" 304 0
INFO 2025-08-12 14:14:11,536 basehttp: "GET /static/admin/css/responsive.css HTTP/1.1" 304 0
INFO 2025-08-12 14:14:11,539 basehttp: "GET /static/admin/js/nav_sidebar.js HTTP/1.1" 304 0
INFO 2025-08-12 14:14:12,571 basehttp: "GET /admin/logs/django.log/ajax/?page=3 HTTP/1.1" 200 7426
INFO 2025-08-12 14:14:13,549 basehttp: "GET /admin/logs/django.log/ajax/?page=3 HTTP/1.1" 200 7426
INFO 2025-08-12 14:14:14,578 basehttp: "GET /admin/logs/django.log/ajax/?page=3 HTTP/1.1" 200 7426
INFO 2025-08-12 14:14:15,563 basehttp: "GET /admin/logs/django.log/ajax/?page=3 HTTP/1.1" 200 7426
INFO 2025-08-12 14:14:16,571 basehttp: "GET /admin/logs/django.log/ajax/?page=3 HTTP/1.1" 200 7426
INFO 2025-08-12 14:14:17,562 basehttp: "GET /admin/logs/django.log/ajax/?page=3 HTTP/1.1" 200 7426
INFO 2025-08-12 14:14:18,582 basehttp: "GET /admin/logs/django.log/ajax/?page=3 HTTP/1.1" 200 7426
INFO 2025-08-12 14:14:19,554 basehttp: "GET /admin/logs/django.log/ajax/?page=3 HTTP/1.1" 200 7426
INFO 2025-08-12 14:14:20,584 basehttp: "GET /admin/logs/django.log/ajax/?page=3 HTTP/1.1" 200 7426
INFO 2025-08-12 14:14:21,551 basehttp: "GET /admin/logs/django.log/ajax/?page=3 HTTP/1.1" 200 7426
INFO 2025-08-12 14:14:22,575 basehttp: "GET /admin/logs/django.log/ajax/?page=3 HTTP/1.1" 200 7426
INFO 2025-08-12 14:14:23,558 basehttp: "GET /admin/logs/django.log/ajax/?page=3 HTTP/1.1" 200 7426
INFO 2025-08-12 14:14:24,579 basehttp: "GET /admin/logs/django.log/ajax/?page=3 HTTP/1.1" 200 7426
INFO 2025-08-12 14:14:25,552 basehttp: "GET /admin/logs/django.log/ajax/?page=3 HTTP/1.1" 200 7426
INFO 2025-08-12 14:14:26,574 basehttp: "GET /admin/logs/django.log/ajax/?page=3 HTTP/1.1" 200 7426
INFO 2025-08-12 14:14:27,558 basehttp: "GET /admin/logs/django.log/ajax/?page=3 HTTP/1.1" 200 7426
INFO 2025-08-12 14:14:28,578 basehttp: "GET /admin/logs/django.log/ajax/?page=3 HTTP/1.1" 200 7426
INFO 2025-08-12 14:14:29,560 basehttp: "GET /admin/logs/django.log/ajax/?page=3 HTTP/1.1" 200 7426
INFO 2025-08-12 14:14:30,582 basehttp: "GET /admin/logs/django.log/ajax/?page=3 HTTP/1.1" 200 7426
INFO 2025-08-12 14:14:31,551 basehttp: "GET /admin/logs/django.log/ajax/?page=3 HTTP/1.1" 200 7426
INFO 2025-08-12 14:14:32,575 basehttp: "GET /admin/logs/django.log/ajax/?page=3 HTTP/1.1" 200 7426
INFO 2025-08-12 14:14:33,557 basehttp: "GET /admin/logs/django.log/ajax/?page=3 HTTP/1.1" 200 7426
INFO 2025-08-12 14:14:34,579 basehttp: "GET /admin/logs/django.log/ajax/?page=3 HTTP/1.1" 200 7426
INFO 2025-08-12 14:14:35,565 basehttp: "GET /admin/logs/django.log/ajax/?page=3 HTTP/1.1" 200 7426
INFO 2025-08-12 14:14:36,577 basehttp: "GET /admin/logs/django.log/ajax/?page=3 HTTP/1.1" 200 7426
INFO 2025-08-12 14:14:37,563 basehttp: "GET /admin/logs/django.log/ajax/?page=3 HTTP/1.1" 200 7426
INFO 2025-08-12 14:14:38,572 basehttp: "GET /admin/logs/django.log/ajax/?page=3 HTTP/1.1" 200 7426
INFO 2025-08-12 14:14:39,555 basehttp: "GET /admin/logs/django.log/ajax/?page=3 HTTP/1.1" 200 7426
INFO 2025-08-12 14:14:40,572 basehttp: "GET /admin/logs/django.log/ajax/?page=3 HTTP/1.1" 200 7426
INFO 2025-08-12 14:14:41,550 basehttp: "GET /admin/logs/django.log/ajax/?page=3 HTTP/1.1" 200 7426
INFO 2025-08-12 14:14:42,576 basehttp: "GET /admin/logs/django.log/ajax/?page=3 HTTP/1.1" 200 7426
INFO 2025-08-12 14:14:43,561 basehttp: "GET /admin/logs/django.log/ajax/?page=3 HTTP/1.1" 200 7426
INFO 2025-08-12 14:14:44,584 basehttp: "GET /admin/logs/django.log/ajax/?page=3 HTTP/1.1" 200 7426
INFO 2025-08-12 14:14:45,562 basehttp: "GET /admin/logs/django.log/ajax/?page=3 HTTP/1.1" 200 7426
INFO 2025-08-12 14:14:46,570 basehttp: "GET /admin/logs/django.log/ajax/?page=3 HTTP/1.1" 200 7426
INFO 2025-08-12 14:14:47,558 basehttp: "GET /admin/logs/django.log/ajax/?page=3 HTTP/1.1" 200 7426
INFO 2025-08-12 14:14:48,583 basehttp: "GET /admin/logs/django.log/ajax/?page=3 HTTP/1.1" 200 7426
INFO 2025-08-12 14:14:49,552 basehttp: "GET /admin/logs/django.log/ajax/?page=3 HTTP/1.1" 200 7426
INFO 2025-08-12 14:14:50,576 basehttp: "GET /admin/logs/django.log/ajax/?page=3 HTTP/1.1" 200 7426
INFO 2025-08-12 14:14:51,551 basehttp: "GET /admin/logs/django.log/ajax/?page=3 HTTP/1.1" 200 7426
INFO 2025-08-12 14:14:52,582 basehttp: "GET /admin/logs/django.log/ajax/?page=3 HTTP/1.1" 200 7426
INFO 2025-08-12 14:14:53,564 basehttp: "GET /admin/logs/django.log/ajax/?page=3 HTTP/1.1" 200 7426
INFO 2025-08-12 14:14:54,586 basehttp: "GET /admin/logs/django.log/ajax/?page=3 HTTP/1.1" 200 7426
INFO 2025-08-12 14:14:55,551 basehttp: "GET /admin/logs/django.log/ajax/?page=3 HTTP/1.1" 200 7426
INFO 2025-08-12 14:14:56,571 basehttp: "GET /admin/logs/django.log/ajax/?page=3 HTTP/1.1" 200 7426
INFO 2025-08-12 14:14:57,562 basehttp: "GET /admin/logs/django.log/ajax/?page=3 HTTP/1.1" 200 7426
INFO 2025-08-12 14:14:58,576 basehttp: "GET /admin/logs/django.log/ajax/?page=3 HTTP/1.1" 200 7426
INFO 2025-08-12 14:14:59,561 basehttp: "GET /admin/logs/django.log/ajax/?page=3 HTTP/1.1" 200 7426
INFO 2025-08-12 14:15:00,581 basehttp: "GET /admin/logs/django.log/ajax/?page=3 HTTP/1.1" 200 7426
INFO 2025-08-12 14:15:01,559 basehttp: "GET /admin/logs/django.log/ajax/?page=3 HTTP/1.1" 200 7426
INFO 2025-08-12 14:15:02,582 basehttp: "GET /admin/logs/django.log/ajax/?page=3 HTTP/1.1" 200 7426
INFO 2025-08-12 14:15:03,549 basehttp: "GET /admin/logs/django.log/ajax/?page=3 HTTP/1.1" 200 7426
INFO 2025-08-12 14:15:04,578 basehttp: "GET /admin/logs/django.log/ajax/?page=3 HTTP/1.1" 200 7426
INFO 2025-08-12 14:15:05,559 basehttp: "GET /admin/logs/django.log/ajax/?page=3 HTTP/1.1" 200 7426
INFO 2025-08-12 14:15:06,576 basehttp: "GET /admin/logs/django.log/ajax/?page=3 HTTP/1.1" 200 7426
INFO 2025-08-12 14:15:07,560 basehttp: "GET /admin/logs/django.log/ajax/?page=3 HTTP/1.1" 200 7426
INFO 2025-08-12 14:15:08,571 basehttp: "GET /admin/logs/django.log/ajax/?page=3 HTTP/1.1" 200 7426
INFO 2025-08-12 14:15:09,552 basehttp: "GET /admin/logs/django.log/ajax/?page=3 HTTP/1.1" 200 7426
INFO 2025-08-12 14:15:10,577 basehttp: "GET /admin/logs/django.log/ajax/?page=3 HTTP/1.1" 200 7426
INFO 2025-08-12 14:15:11,550 basehttp: "GET /admin/logs/django.log/ajax/?page=3 HTTP/1.1" 200 7426
INFO 2025-08-12 14:15:12,583 basehttp: "GET /admin/logs/django.log/ajax/?page=3 HTTP/1.1" 200 7426
INFO 2025-08-12 14:15:13,550 basehttp: "GET /admin/logs/django.log/ajax/?page=3 HTTP/1.1" 200 7426
INFO 2025-08-12 14:15:14,577 basehttp: "GET /admin/logs/django.log/ajax/?page=3 HTTP/1.1" 200 7426
INFO 2025-08-12 14:15:15,550 basehttp: "GET /admin/logs/django.log/ajax/?page=3 HTTP/1.1" 200 7426
INFO 2025-08-12 14:15:17,824 basehttp: "GET /admin/logs/django.log/ajax/?page=3 HTTP/1.1" 200 7426
INFO 2025-08-12 14:15:18,810 basehttp: "GET /admin/logs/django.log/ajax/?page=3 HTTP/1.1" 200 7426
INFO 2025-08-12 14:15:18,939 basehttp: "GET /admin/logs/django.log/ajax/?page=3 HTTP/1.1" 200 7426
INFO 2025-08-12 14:15:19,815 basehttp: "GET /admin/logs/django.log/ajax/?page=3 HTTP/1.1" 200 7426
INFO 2025-08-12 14:15:20,838 basehttp: "GET /admin/logs/django.log/ajax/?page=3 HTTP/1.1" 200 7426
INFO 2025-08-12 14:15:21,814 basehttp: "GET /admin/logs/django.log/ajax/?page=3 HTTP/1.1" 200 7426
INFO 2025-08-12 14:15:22,834 basehttp: "GET /admin/logs/django.log/ajax/?page=3 HTTP/1.1" 200 7426
INFO 2025-08-12 14:15:23,805 basehttp: "GET /admin/logs/django.log/ajax/?page=3 HTTP/1.1" 200 7426
INFO 2025-08-12 14:15:24,824 basehttp: "GET /admin/logs/django.log/ajax/?page=3 HTTP/1.1" 200 7426
INFO 2025-08-12 14:15:25,809 basehttp: "GET /admin/logs/django.log/ajax/?page=3 HTTP/1.1" 200 7426
INFO 2025-08-12 14:15:26,835 basehttp: "GET /admin/logs/django.log/ajax/?page=3 HTTP/1.1" 200 7426
INFO 2025-08-12 14:15:27,807 basehttp: "GET /admin/logs/django.log/ajax/?page=3 HTTP/1.1" 200 7426
INFO 2025-08-12 14:15:28,821 basehttp: "GET /admin/logs/django.log/ajax/?page=3 HTTP/1.1" 200 7426
INFO 2025-08-12 14:15:29,812 basehttp: "GET /admin/logs/django.log/ajax/?page=3 HTTP/1.1" 200 7426
INFO 2025-08-12 14:15:30,830 basehttp: "GET /admin/logs/django.log/ajax/?page=3 HTTP/1.1" 200 7426
INFO 2025-08-12 14:15:31,805 basehttp: "GET /admin/logs/django.log/ajax/?page=3 HTTP/1.1" 200 7426
INFO 2025-08-12 14:15:32,839 basehttp: "GET /admin/logs/django.log/ajax/?page=3 HTTP/1.1" 200 7426
INFO 2025-08-12 14:15:33,803 basehttp: "GET /admin/logs/django.log/ajax/?page=3 HTTP/1.1" 200 7426
INFO 2025-08-12 14:15:34,823 basehttp: "GET /admin/logs/django.log/ajax/?page=3 HTTP/1.1" 200 7426
INFO 2025-08-12 14:15:35,810 basehttp: "GET /admin/logs/django.log/ajax/?page=3 HTTP/1.1" 200 7426
INFO 2025-08-12 14:15:36,826 basehttp: "GET /admin/logs/django.log/ajax/?page=3 HTTP/1.1" 200 7426
INFO 2025-08-12 14:15:37,808 basehttp: "GET /admin/logs/django.log/ajax/?page=3 HTTP/1.1" 200 7426
INFO 2025-08-12 14:15:38,823 basehttp: "GET /admin/logs/django.log/ajax/?page=3 HTTP/1.1" 200 7426
INFO 2025-08-12 14:15:39,816 basehttp: "GET /admin/logs/django.log/ajax/?page=3 HTTP/1.1" 200 7426
INFO 2025-08-12 14:15:40,823 basehttp: "GET /admin/logs/django.log/ajax/?page=3 HTTP/1.1" 200 7426
INFO 2025-08-12 14:15:41,803 basehttp: "GET /admin/logs/django.log/ajax/?page=3 HTTP/1.1" 200 7426
INFO 2025-08-12 14:15:42,819 basehttp: "GET /admin/logs/django.log/ajax/?page=3 HTTP/1.1" 200 7426
INFO 2025-08-12 14:15:43,808 basehttp: "GET /admin/logs/django.log/ajax/?page=3 HTTP/1.1" 200 7426
INFO 2025-08-12 14:15:44,834 basehttp: "GET /admin/logs/django.log/ajax/?page=3 HTTP/1.1" 200 7426
INFO 2025-08-12 14:15:45,803 basehttp: "GET /admin/logs/django.log/ajax/?page=3 HTTP/1.1" 200 7426
INFO 2025-08-12 14:15:46,835 basehttp: "GET /admin/logs/django.log/ajax/?page=3 HTTP/1.1" 200 7426
INFO 2025-08-12 14:15:47,806 basehttp: "GET /admin/logs/django.log/ajax/?page=3 HTTP/1.1" 200 7426
INFO 2025-08-12 14:15:48,829 basehttp: "GET /admin/logs/django.log/ajax/?page=3 HTTP/1.1" 200 7426
INFO 2025-08-12 14:15:49,810 basehttp: "GET /admin/logs/django.log/ajax/?page=3 HTTP/1.1" 200 7426
INFO 2025-08-12 14:15:50,837 basehttp: "GET /admin/logs/django.log/ajax/?page=3 HTTP/1.1" 200 7426
INFO 2025-08-12 14:15:51,808 basehttp: "GET /admin/logs/django.log/ajax/?page=3 HTTP/1.1" 200 7426
INFO 2025-08-12 14:15:52,824 basehttp: "GET /admin/logs/django.log/ajax/?page=3 HTTP/1.1" 200 7426
INFO 2025-08-12 14:15:53,815 basehttp: "GET /admin/logs/django.log/ajax/?page=3 HTTP/1.1" 200 7426
INFO 2025-08-12 14:15:54,826 basehttp: "GET /admin/logs/django.log/ajax/?page=3 HTTP/1.1" 200 7426
INFO 2025-08-12 14:15:55,814 basehttp: "GET /admin/logs/django.log/ajax/?page=3 HTTP/1.1" 200 7426
INFO 2025-08-12 14:15:56,828 basehttp: "GET /admin/logs/django.log/ajax/?page=3 HTTP/1.1" 200 7426
INFO 2025-08-12 14:15:57,803 basehttp: "GET /admin/logs/django.log/ajax/?page=3 HTTP/1.1" 200 7426
INFO 2025-08-12 14:15:58,828 basehttp: "GET /admin/logs/django.log/ajax/?page=3 HTTP/1.1" 200 7426
INFO 2025-08-12 14:15:59,803 basehttp: "GET /admin/logs/django.log/ajax/?page=3 HTTP/1.1" 200 7426
INFO 2025-08-12 14:16:00,819 basehttp: "GET /admin/logs/django.log/ajax/?page=3 HTTP/1.1" 200 7426
INFO 2025-08-12 14:16:01,814 basehttp: "GET /admin/logs/django.log/ajax/?page=3 HTTP/1.1" 200 7426
INFO 2025-08-12 14:16:02,821 basehttp: "GET /admin/logs/django.log/ajax/?page=3 HTTP/1.1" 200 7426
INFO 2025-08-12 14:16:03,805 basehttp: "GET /admin/logs/django.log/ajax/?page=3 HTTP/1.1" 200 7426
INFO 2025-08-12 14:16:04,830 basehttp: "GET /admin/logs/django.log/ajax/?page=3 HTTP/1.1" 200 7426
INFO 2025-08-12 14:16:05,816 basehttp: "GET /admin/logs/django.log/ajax/?page=3 HTTP/1.1" 200 7426
INFO 2025-08-12 14:16:06,828 basehttp: "GET /admin/logs/django.log/ajax/?page=3 HTTP/1.1" 200 7426
INFO 2025-08-12 14:16:07,802 basehttp: "GET /admin/logs/django.log/ajax/?page=3 HTTP/1.1" 200 7426
INFO 2025-08-12 14:16:08,757 basehttp: "GET /admin/logs/django.log/?page=7 HTTP/1.1" 200 20313
INFO 2025-08-12 14:16:08,800 basehttp: "GET /static/admin/css/dark_mode.css HTTP/1.1" 304 0
INFO 2025-08-12 14:16:08,800 basehttp: "GET /static/admin/css/base.css HTTP/1.1" 304 0
INFO 2025-08-12 14:16:08,802 basehttp: "GET /static/admin/css/nav_sidebar.css HTTP/1.1" 304 0
INFO 2025-08-12 14:16:08,802 basehttp: "GET /static/log_viewer/css/log_viewer.css HTTP/1.1" 304 0
INFO 2025-08-12 14:16:08,804 basehttp: "GET /static/admin/js/theme.js HTTP/1.1" 304 0
INFO 2025-08-12 14:16:08,804 basehttp: "GET /static/admin/css/responsive.css HTTP/1.1" 304 0
INFO 2025-08-12 14:16:08,806 basehttp: "GET /static/log_viewer/js/log_viewer.js HTTP/1.1" 304 0
INFO 2025-08-12 14:16:08,807 basehttp: "GET /static/admin/js/nav_sidebar.js HTTP/1.1" 304 0
INFO 2025-08-12 14:16:09,826 basehttp: "GET /admin/logs/django.log/ajax/?page=7 HTTP/1.1" 200 7413
INFO 2025-08-12 14:16:10,840 basehttp: "GET /admin/logs/django.log/ajax/?page=7 HTTP/1.1" 200 7413
INFO 2025-08-12 14:16:11,827 basehttp: "GET /admin/logs/django.log/ajax/?page=7 HTTP/1.1" 200 7413
INFO 2025-08-12 14:16:12,851 basehttp: "GET /admin/logs/django.log/ajax/?page=7 HTTP/1.1" 200 7413
INFO 2025-08-12 14:16:13,820 basehttp: "GET /admin/logs/django.log/ajax/?page=7 HTTP/1.1" 200 7413
INFO 2025-08-12 14:16:13,951 basehttp: "GET /admin/logs/django.log/?page=12 HTTP/1.1" 200 17529
INFO 2025-08-12 14:16:14,975 basehttp: "GET /admin/logs/django.log/ajax/?page=12 HTTP/1.1" 200 6207
INFO 2025-08-12 14:16:15,998 basehttp: "GET /admin/logs/django.log/ajax/?page=12 HTTP/1.1" 200 6507
INFO 2025-08-12 14:16:16,978 basehttp: "GET /admin/logs/django.log/ajax/?page=12 HTTP/1.1" 200 6807
INFO 2025-08-12 14:16:18,005 basehttp: "GET /admin/logs/django.log/ajax/?page=12 HTTP/1.1" 200 7107
INFO 2025-08-12 14:16:18,986 basehttp: "GET /admin/logs/django.log/ajax/?page=12 HTTP/1.1" 200 7407
INFO 2025-08-12 14:16:19,995 basehttp: "GET /admin/logs/django.log/ajax/?page=12 HTTP/1.1" 200 7407
INFO 2025-08-12 14:16:20,974 basehttp: "GET /admin/logs/django.log/ajax/?page=12 HTTP/1.1" 200 7407
INFO 2025-08-12 14:16:22,000 basehttp: "GET /admin/logs/django.log/ajax/?page=12 HTTP/1.1" 200 7407
INFO 2025-08-12 14:16:22,984 basehttp: "GET /admin/logs/django.log/ajax/?page=12 HTTP/1.1" 200 7407
INFO 2025-08-12 14:16:23,994 basehttp: "GET /admin/logs/django.log/ajax/?page=12 HTTP/1.1" 200 7407
INFO 2025-08-12 14:16:24,978 basehttp: "GET /admin/logs/django.log/ajax/?page=12 HTTP/1.1" 200 7407
INFO 2025-08-12 14:16:25,994 basehttp: "GET /admin/logs/django.log/ajax/?page=12 HTTP/1.1" 200 7407
INFO 2025-08-12 14:16:26,982 basehttp: "GET /admin/logs/django.log/ajax/?page=12 HTTP/1.1" 200 7407
INFO 2025-08-12 14:16:28,006 basehttp: "GET /admin/logs/django.log/ajax/?page=12 HTTP/1.1" 200 7407
INFO 2025-08-12 14:16:28,984 basehttp: "GET /admin/logs/django.log/ajax/?page=12 HTTP/1.1" 200 7407
INFO 2025-08-12 14:16:29,995 basehttp: "GET /admin/logs/django.log/ajax/?page=12 HTTP/1.1" 200 7407
INFO 2025-08-12 14:16:30,981 basehttp: "GET /admin/logs/django.log/ajax/?page=12 HTTP/1.1" 200 7407
INFO 2025-08-12 14:16:32,002 basehttp: "GET /admin/logs/django.log/ajax/?page=12 HTTP/1.1" 200 7407
INFO 2025-08-12 14:16:32,989 basehttp: "GET /admin/logs/django.log/ajax/?page=12 HTTP/1.1" 200 7407
INFO 2025-08-12 14:16:33,998 basehttp: "GET /admin/logs/django.log/ajax/?page=12 HTTP/1.1" 200 7407
INFO 2025-08-12 14:16:34,978 basehttp: "GET /admin/logs/django.log/ajax/?page=12 HTTP/1.1" 200 7407
INFO 2025-08-12 14:16:36,003 basehttp: "GET /admin/logs/django.log/ajax/?page=12 HTTP/1.1" 200 7407
INFO 2025-08-12 14:16:36,983 basehttp: "GET /admin/logs/django.log/ajax/?page=12 HTTP/1.1" 200 7407
INFO 2025-08-12 14:16:38,002 basehttp: "GET /admin/logs/django.log/ajax/?page=12 HTTP/1.1" 200 7407
INFO 2025-08-12 14:16:38,986 basehttp: "GET /admin/logs/django.log/ajax/?page=12 HTTP/1.1" 200 7407
INFO 2025-08-12 14:16:40,013 basehttp: "GET /admin/logs/django.log/ajax/?page=12 HTTP/1.1" 200 7407
INFO 2025-08-12 14:16:40,980 basehttp: "GET /admin/logs/django.log/ajax/?page=12 HTTP/1.1" 200 7407
INFO 2025-08-12 14:16:42,006 basehttp: "GET /admin/logs/django.log/ajax/?page=12 HTTP/1.1" 200 7407
INFO 2025-08-12 14:16:42,985 basehttp: "GET /admin/logs/django.log/ajax/?page=12 HTTP/1.1" 200 7407
INFO 2025-08-12 14:16:43,997 basehttp: "GET /admin/logs/django.log/ajax/?page=12 HTTP/1.1" 200 7407
INFO 2025-08-12 14:16:44,981 basehttp: "GET /admin/logs/django.log/ajax/?page=12 HTTP/1.1" 200 7407
INFO 2025-08-12 14:16:45,999 basehttp: "GET /admin/logs/django.log/ajax/?page=12 HTTP/1.1" 200 7407
INFO 2025-08-12 14:16:46,988 basehttp: "GET /admin/logs/django.log/ajax/?page=12 HTTP/1.1" 200 7407
INFO 2025-08-12 14:16:48,000 basehttp: "GET /admin/logs/django.log/ajax/?page=12 HTTP/1.1" 200 7407
INFO 2025-08-12 14:16:48,983 basehttp: "GET /admin/logs/django.log/ajax/?page=12 HTTP/1.1" 200 7407
INFO 2025-08-12 14:16:50,011 basehttp: "GET /admin/logs/django.log/ajax/?page=12 HTTP/1.1" 200 7407
INFO 2025-08-12 14:16:50,975 basehttp: "GET /admin/logs/django.log/ajax/?page=12 HTTP/1.1" 200 7407
INFO 2025-08-12 14:16:52,000 basehttp: "GET /admin/logs/django.log/ajax/?page=12 HTTP/1.1" 200 7407
INFO 2025-08-12 14:16:52,980 basehttp: "GET /admin/logs/django.log/ajax/?page=12 HTTP/1.1" 200 7407
INFO 2025-08-12 14:16:54,001 basehttp: "GET /admin/logs/django.log/ajax/?page=12 HTTP/1.1" 200 7407
INFO 2025-08-12 14:16:54,978 basehttp: "GET /admin/logs/django.log/ajax/?page=12 HTTP/1.1" 200 7407
INFO 2025-08-12 14:16:56,003 basehttp: "GET /admin/logs/django.log/ajax/?page=12 HTTP/1.1" 200 7407
INFO 2025-08-12 14:16:56,987 basehttp: "GET /admin/logs/django.log/ajax/?page=12 HTTP/1.1" 200 7407
INFO 2025-08-12 14:16:57,998 basehttp: "GET /admin/logs/django.log/ajax/?page=12 HTTP/1.1" 200 7407
INFO 2025-08-12 14:16:58,982 basehttp: "GET /admin/logs/django.log/ajax/?page=12 HTTP/1.1" 200 7407
INFO 2025-08-12 14:17:00,001 basehttp: "GET /admin/logs/django.log/ajax/?page=12 HTTP/1.1" 200 7407
INFO 2025-08-12 14:17:00,979 basehttp: "GET /admin/logs/django.log/ajax/?page=12 HTTP/1.1" 200 7407
INFO 2025-08-12 14:17:02,000 basehttp: "GET /admin/logs/django.log/ajax/?page=12 HTTP/1.1" 200 7407
INFO 2025-08-12 14:17:02,990 basehttp: "GET /admin/logs/django.log/ajax/?page=12 HTTP/1.1" 200 7407
INFO 2025-08-12 14:17:03,999 basehttp: "GET /admin/logs/django.log/ajax/?page=12 HTTP/1.1" 200 7407
INFO 2025-08-12 14:17:04,985 basehttp: "GET /admin/logs/django.log/ajax/?page=12 HTTP/1.1" 200 7407
INFO 2025-08-12 14:17:06,005 basehttp: "GET /admin/logs/django.log/ajax/?page=12 HTTP/1.1" 200 7407
INFO 2025-08-12 14:17:06,974 basehttp: "GET /admin/logs/django.log/ajax/?page=12 HTTP/1.1" 200 7407
INFO 2025-08-12 14:17:07,997 basehttp: "GET /admin/logs/django.log/ajax/?page=12 HTTP/1.1" 200 7407
INFO 2025-08-12 14:17:08,986 basehttp: "GET /admin/logs/django.log/ajax/?page=12 HTTP/1.1" 200 7407
INFO 2025-08-12 14:17:09,997 basehttp: "GET /admin/logs/django.log/ajax/?page=12 HTTP/1.1" 200 7407
INFO 2025-08-12 14:17:10,977 basehttp: "GET /admin/logs/django.log/ajax/?page=12 HTTP/1.1" 200 7407
INFO 2025-08-12 14:17:12,002 basehttp: "GET /admin/logs/django.log/ajax/?page=12 HTTP/1.1" 200 7407
INFO 2025-08-12 14:17:12,985 basehttp: "GET /admin/logs/django.log/ajax/?page=12 HTTP/1.1" 200 7407
INFO 2025-08-12 14:17:14,003 basehttp: "GET /admin/logs/django.log/ajax/?page=12 HTTP/1.1" 200 7407
INFO 2025-08-12 14:17:14,979 basehttp: "GET /admin/logs/django.log/ajax/?page=12 HTTP/1.1" 200 7407
INFO 2025-08-12 14:17:15,998 basehttp: "GET /admin/logs/django.log/ajax/?page=12 HTTP/1.1" 200 7407
INFO 2025-08-12 14:17:16,977 basehttp: "GET /admin/logs/django.log/ajax/?page=12 HTTP/1.1" 200 7407
INFO 2025-08-12 14:17:17,992 basehttp: "GET /admin/logs/django.log/ajax/?page=12 HTTP/1.1" 200 7407
INFO 2025-08-12 14:17:18,977 basehttp: "GET /admin/logs/django.log/ajax/?page=12 HTTP/1.1" 200 7407
INFO 2025-08-12 14:17:20,003 basehttp: "GET /admin/logs/django.log/ajax/?page=12 HTTP/1.1" 200 7407
INFO 2025-08-12 14:17:20,986 basehttp: "GET /admin/logs/django.log/ajax/?page=12 HTTP/1.1" 200 7407
INFO 2025-08-12 14:17:21,994 basehttp: "GET /admin/logs/django.log/ajax/?page=12 HTTP/1.1" 200 7407
INFO 2025-08-12 14:17:22,983 basehttp: "GET /admin/logs/django.log/ajax/?page=12 HTTP/1.1" 200 7407
INFO 2025-08-12 14:17:24,004 basehttp: "GET /admin/logs/django.log/ajax/?page=12 HTTP/1.1" 200 7407
INFO 2025-08-12 14:17:24,982 basehttp: "GET /admin/logs/django.log/ajax/?page=12 HTTP/1.1" 200 7407
INFO 2025-08-12 14:17:25,996 basehttp: "GET /admin/logs/django.log/ajax/?page=12 HTTP/1.1" 200 7407
INFO 2025-08-12 14:17:26,975 basehttp: "GET /admin/logs/django.log/ajax/?page=12 HTTP/1.1" 200 7407
INFO 2025-08-12 14:17:27,997 basehttp: "GET /admin/logs/django.log/ajax/?page=12 HTTP/1.1" 200 7407
INFO 2025-08-12 14:17:28,975 basehttp: "GET /admin/logs/django.log/ajax/?page=12 HTTP/1.1" 200 7407
INFO 2025-08-12 14:17:29,999 basehttp: "GET /admin/logs/django.log/ajax/?page=12 HTTP/1.1" 200 7407
INFO 2025-08-12 14:17:30,980 basehttp: "GET /admin/logs/django.log/ajax/?page=12 HTTP/1.1" 200 7407
INFO 2025-08-12 14:17:32,000 basehttp: "GET /admin/logs/django.log/ajax/?page=12 HTTP/1.1" 200 7407
INFO 2025-08-12 14:17:32,984 basehttp: "GET /admin/logs/django.log/ajax/?page=12 HTTP/1.1" 200 7407
INFO 2025-08-12 14:17:34,007 basehttp: "GET /admin/logs/django.log/ajax/?page=12 HTTP/1.1" 200 7407
INFO 2025-08-12 14:17:34,977 basehttp: "GET /admin/logs/django.log/ajax/?page=12 HTTP/1.1" 200 7407
INFO 2025-08-12 14:17:36,009 basehttp: "GET /admin/logs/django.log/ajax/?page=12 HTTP/1.1" 200 7407
INFO 2025-08-12 14:17:36,978 basehttp: "GET /admin/logs/django.log/ajax/?page=12 HTTP/1.1" 200 7407
INFO 2025-08-12 14:17:38,003 basehttp: "GET /admin/logs/django.log/ajax/?page=12 HTTP/1.1" 200 7407
INFO 2025-08-12 14:17:38,987 basehttp: "GET /admin/logs/django.log/ajax/?page=12 HTTP/1.1" 200 7407
INFO 2025-08-12 14:17:40,000 basehttp: "GET /admin/logs/django.log/ajax/?page=12 HTTP/1.1" 200 7407
INFO 2025-08-12 14:17:40,987 basehttp: "GET /admin/logs/django.log/ajax/?page=12 HTTP/1.1" 200 7407
INFO 2025-08-12 14:17:42,009 basehttp: "GET /admin/logs/django.log/ajax/?page=12 HTTP/1.1" 200 7407
INFO 2025-08-12 14:17:42,978 basehttp: "GET /admin/logs/django.log/ajax/?page=12 HTTP/1.1" 200 7407
INFO 2025-08-12 14:17:44,001 basehttp: "GET /admin/logs/django.log/ajax/?page=12 HTTP/1.1" 200 7407
INFO 2025-08-12 14:17:44,986 basehttp: "GET /admin/logs/django.log/ajax/?page=12 HTTP/1.1" 200 7407
INFO 2025-08-12 14:17:45,998 basehttp: "GET /admin/logs/django.log/ajax/?page=12 HTTP/1.1" 200 7407
INFO 2025-08-12 14:17:46,984 basehttp: "GET /admin/logs/django.log/ajax/?page=12 HTTP/1.1" 200 7407
INFO 2025-08-12 14:17:47,997 basehttp: "GET /admin/logs/django.log/ajax/?page=12 HTTP/1.1" 200 7407
INFO 2025-08-12 14:17:48,989 basehttp: "GET /admin/logs/django.log/ajax/?page=12 HTTP/1.1" 200 7407
INFO 2025-08-12 14:17:49,996 basehttp: "GET /admin/logs/django.log/ajax/?page=12 HTTP/1.1" 200 7407
INFO 2025-08-12 14:17:50,982 basehttp: "GET /admin/logs/django.log/ajax/?page=12 HTTP/1.1" 200 7407
INFO 2025-08-12 14:17:52,006 basehttp: "GET /admin/logs/django.log/ajax/?page=12 HTTP/1.1" 200 7407
INFO 2025-08-12 14:17:52,984 basehttp: "GET /admin/logs/django.log/ajax/?page=12 HTTP/1.1" 200 7407
INFO 2025-08-12 14:17:54,005 basehttp: "GET /admin/logs/django.log/ajax/?page=12 HTTP/1.1" 200 7407
INFO 2025-08-12 14:17:54,987 basehttp: "GET /admin/logs/django.log/ajax/?page=12 HTTP/1.1" 200 7407
INFO 2025-08-12 14:17:56,008 basehttp: "GET /admin/logs/django.log/ajax/?page=12 HTTP/1.1" 200 7407
INFO 2025-08-12 14:17:56,989 basehttp: "GET /admin/logs/django.log/ajax/?page=12 HTTP/1.1" 200 7407
INFO 2025-08-12 14:17:58,003 basehttp: "GET /admin/logs/django.log/ajax/?page=12 HTTP/1.1" 200 7407
INFO 2025-08-12 14:17:58,985 basehttp: "GET /admin/logs/django.log/ajax/?page=12 HTTP/1.1" 200 7407
INFO 2025-08-12 14:17:59,994 basehttp: "GET /admin/logs/django.log/ajax/?page=12 HTTP/1.1" 200 7407
INFO 2025-08-12 14:18:00,981 basehttp: "GET /admin/logs/django.log/ajax/?page=12 HTTP/1.1" 200 7407
INFO 2025-08-12 14:18:02,007 basehttp: "GET /admin/logs/django.log/ajax/?page=12 HTTP/1.1" 200 7407
INFO 2025-08-12 14:18:02,988 basehttp: "GET /admin/logs/django.log/ajax/?page=12 HTTP/1.1" 200 7407
INFO 2025-08-12 14:18:04,001 basehttp: "GET /admin/logs/django.log/ajax/?page=12 HTTP/1.1" 200 7407
INFO 2025-08-12 14:18:04,982 basehttp: "GET /admin/logs/django.log/ajax/?page=12 HTTP/1.1" 200 7407
INFO 2025-08-12 14:18:06,007 basehttp: "GET /admin/logs/django.log/ajax/?page=12 HTTP/1.1" 200 7407
INFO 2025-08-12 14:18:06,979 basehttp: "GET /admin/logs/django.log/ajax/?page=12 HTTP/1.1" 200 7407
INFO 2025-08-12 14:18:08,006 basehttp: "GET /admin/logs/django.log/ajax/?page=12 HTTP/1.1" 200 7407
INFO 2025-08-12 14:18:08,982 basehttp: "GET /admin/logs/django.log/ajax/?page=12 HTTP/1.1" 200 7407
INFO 2025-08-12 14:18:10,004 basehttp: "GET /admin/logs/django.log/ajax/?page=12 HTTP/1.1" 200 7407
INFO 2025-08-12 14:18:10,984 basehttp: "GET /admin/logs/django.log/ajax/?page=12 HTTP/1.1" 200 7407
INFO 2025-08-12 14:18:11,996 basehttp: "GET /admin/logs/django.log/ajax/?page=12 HTTP/1.1" 200 7407
INFO 2025-08-12 14:18:12,981 basehttp: "GET /admin/logs/django.log/ajax/?page=12 HTTP/1.1" 200 7407
INFO 2025-08-12 14:18:14,009 basehttp: "GET /admin/logs/django.log/ajax/?page=12 HTTP/1.1" 200 7407
INFO 2025-08-12 14:18:14,987 basehttp: "GET /admin/logs/django.log/ajax/?page=12 HTTP/1.1" 200 7407
INFO 2025-08-12 14:18:15,998 basehttp: "GET /admin/logs/django.log/ajax/?page=12 HTTP/1.1" 200 7407
INFO 2025-08-12 14:18:16,984 basehttp: "GET /admin/logs/django.log/ajax/?page=12 HTTP/1.1" 200 7407
INFO 2025-08-12 14:18:18,007 basehttp: "GET /admin/logs/django.log/ajax/?page=12 HTTP/1.1" 200 7407
INFO 2025-08-12 14:18:18,990 basehttp: "GET /admin/logs/django.log/ajax/?page=12 HTTP/1.1" 200 7407
INFO 2025-08-12 14:18:20,008 basehttp: "GET /admin/logs/django.log/ajax/?page=12 HTTP/1.1" 200 7407
INFO 2025-08-12 14:18:20,978 basehttp: "GET /admin/logs/django.log/ajax/?page=12 HTTP/1.1" 200 7407
INFO 2025-08-12 14:18:22,009 basehttp: "GET /admin/logs/django.log/ajax/?page=12 HTTP/1.1" 200 7407
INFO 2025-08-12 14:18:22,990 basehttp: "GET /admin/logs/django.log/ajax/?page=12 HTTP/1.1" 200 7407
INFO 2025-08-12 14:18:23,994 basehttp: "GET /admin/logs/django.log/ajax/?page=12 HTTP/1.1" 200 7407
INFO 2025-08-12 14:18:24,975 basehttp: "GET /admin/logs/django.log/ajax/?page=12 HTTP/1.1" 200 7407
INFO 2025-08-12 14:18:26,005 basehttp: "GET /admin/logs/django.log/ajax/?page=12 HTTP/1.1" 200 7407
INFO 2025-08-12 14:18:26,989 basehttp: "GET /admin/logs/django.log/ajax/?page=12 HTTP/1.1" 200 7407
INFO 2025-08-12 14:18:28,010 basehttp: "GET /admin/logs/django.log/ajax/?page=12 HTTP/1.1" 200 7407
INFO 2025-08-12 14:18:28,982 basehttp: "GET /admin/logs/django.log/ajax/?page=12 HTTP/1.1" 200 7407
INFO 2025-08-12 14:18:29,994 basehttp: "GET /admin/logs/django.log/ajax/?page=12 HTTP/1.1" 200 7407
INFO 2025-08-12 14:18:30,983 basehttp: "GET /admin/logs/django.log/ajax/?page=12 HTTP/1.1" 200 7407
INFO 2025-08-12 14:18:32,001 basehttp: "GET /admin/logs/django.log/ajax/?page=12 HTTP/1.1" 200 7407
INFO 2025-08-12 14:18:32,979 basehttp: "GET /admin/logs/django.log/ajax/?page=12 HTTP/1.1" 200 7407
INFO 2025-08-12 14:18:34,001 basehttp: "GET /admin/logs/django.log/ajax/?page=12 HTTP/1.1" 200 7407
INFO 2025-08-12 14:18:34,980 basehttp: "GET /admin/logs/django.log/ajax/?page=12 HTTP/1.1" 200 7407
INFO 2025-08-12 14:18:36,003 basehttp: "GET /admin/logs/django.log/ajax/?page=12 HTTP/1.1" 200 7407
INFO 2025-08-12 14:18:36,975 basehttp: "GET /admin/logs/django.log/ajax/?page=12 HTTP/1.1" 200 7407
INFO 2025-08-12 14:18:38,000 basehttp: "GET /admin/logs/django.log/ajax/?page=12 HTTP/1.1" 200 7407
INFO 2025-08-12 14:18:38,988 basehttp: "GET /admin/logs/django.log/ajax/?page=12 HTTP/1.1" 200 7407
INFO 2025-08-12 14:18:40,008 basehttp: "GET /admin/logs/django.log/ajax/?page=12 HTTP/1.1" 200 7407
INFO 2025-08-12 14:18:40,982 basehttp: "GET /admin/logs/django.log/ajax/?page=12 HTTP/1.1" 200 7407
INFO 2025-08-12 14:18:42,007 basehttp: "GET /admin/logs/django.log/ajax/?page=12 HTTP/1.1" 200 7407
INFO 2025-08-12 14:18:42,979 basehttp: "GET /admin/logs/django.log/ajax/?page=12 HTTP/1.1" 200 7407
INFO 2025-08-12 14:18:43,999 basehttp: "GET /admin/logs/django.log/ajax/?page=12 HTTP/1.1" 200 7407
INFO 2025-08-12 14:18:44,983 basehttp: "GET /admin/logs/django.log/ajax/?page=12 HTTP/1.1" 200 7407
INFO 2025-08-12 14:18:46,004 basehttp: "GET /admin/logs/django.log/ajax/?page=12 HTTP/1.1" 200 7407
INFO 2025-08-12 14:18:46,983 basehttp: "GET /admin/logs/django.log/ajax/?page=12 HTTP/1.1" 200 7407
INFO 2025-08-12 14:18:48,009 basehttp: "GET /admin/logs/django.log/ajax/?page=12 HTTP/1.1" 200 7407
INFO 2025-08-12 14:18:48,977 basehttp: "GET /admin/logs/django.log/ajax/?page=12 HTTP/1.1" 200 7407
INFO 2025-08-12 14:18:50,006 basehttp: "GET /admin/logs/django.log/ajax/?page=12 HTTP/1.1" 200 7407
INFO 2025-08-12 14:18:50,975 basehttp: "GET /admin/logs/django.log/ajax/?page=12 HTTP/1.1" 200 7407
INFO 2025-08-12 14:18:51,997 basehttp: "GET /admin/logs/django.log/ajax/?page=12 HTTP/1.1" 200 7407
INFO 2025-08-12 14:18:52,981 basehttp: "GET /admin/logs/django.log/ajax/?page=12 HTTP/1.1" 200 7407
INFO 2025-08-12 14:18:54,007 basehttp: "GET /admin/logs/django.log/ajax/?page=12 HTTP/1.1" 200 7407
INFO 2025-08-12 14:18:54,987 basehttp: "GET /admin/logs/django.log/ajax/?page=12 HTTP/1.1" 200 7407
INFO 2025-08-12 14:18:55,999 basehttp: "GET /admin/logs/django.log/ajax/?page=12 HTTP/1.1" 200 7407
INFO 2025-08-12 14:18:56,982 basehttp: "GET /admin/logs/django.log/ajax/?page=12 HTTP/1.1" 200 7407
INFO 2025-08-12 14:18:58,001 basehttp: "GET /admin/logs/django.log/ajax/?page=12 HTTP/1.1" 200 7407
INFO 2025-08-12 14:18:58,975 basehttp: "GET /admin/logs/django.log/ajax/?page=12 HTTP/1.1" 200 7407
INFO 2025-08-12 14:19:00,005 basehttp: "GET /admin/logs/django.log/ajax/?page=12 HTTP/1.1" 200 7407
INFO 2025-08-12 14:19:00,984 basehttp: "GET /admin/logs/django.log/ajax/?page=12 HTTP/1.1" 200 7407
INFO 2025-08-12 14:19:01,998 basehttp: "GET /admin/logs/django.log/ajax/?page=12 HTTP/1.1" 200 7407
INFO 2025-08-12 14:19:02,976 basehttp: "GET /admin/logs/django.log/ajax/?page=12 HTTP/1.1" 200 7407
INFO 2025-08-12 14:19:04,000 basehttp: "GET /admin/logs/django.log/ajax/?page=12 HTTP/1.1" 200 7407
INFO 2025-08-12 14:19:04,985 basehttp: "GET /admin/logs/django.log/ajax/?page=12 HTTP/1.1" 200 7407
INFO 2025-08-12 14:19:06,004 basehttp: "GET /admin/logs/django.log/ajax/?page=12 HTTP/1.1" 200 7407
INFO 2025-08-12 14:19:06,988 basehttp: "GET /admin/logs/django.log/ajax/?page=12 HTTP/1.1" 200 7407
INFO 2025-08-12 14:19:08,003 basehttp: "GET /admin/logs/django.log/ajax/?page=12 HTTP/1.1" 200 7407
INFO 2025-08-12 14:19:08,986 basehttp: "GET /admin/logs/django.log/ajax/?page=12 HTTP/1.1" 200 7407
INFO 2025-08-12 14:19:09,994 basehttp: "GET /admin/logs/django.log/ajax/?page=12 HTTP/1.1" 200 7407
INFO 2025-08-12 14:19:10,990 basehttp: "GET /admin/logs/django.log/ajax/?page=12 HTTP/1.1" 200 7407
INFO 2025-08-12 14:19:11,999 basehttp: "GET /admin/logs/django.log/ajax/?page=12 HTTP/1.1" 200 7407
INFO 2025-08-12 14:19:12,989 basehttp: "GET /admin/logs/django.log/ajax/?page=12 HTTP/1.1" 200 7407
INFO 2025-08-12 14:19:14,004 basehttp: "GET /admin/logs/django.log/ajax/?page=12 HTTP/1.1" 200 7407
INFO 2025-08-12 14:19:14,975 basehttp: "GET /admin/logs/django.log/ajax/?page=12 HTTP/1.1" 200 7407
INFO 2025-08-12 14:19:16,003 basehttp: "GET /admin/logs/django.log/ajax/?page=12 HTTP/1.1" 200 7407
INFO 2025-08-12 14:19:16,976 basehttp: "GET /admin/logs/django.log/ajax/?page=12 HTTP/1.1" 200 7407
INFO 2025-08-12 14:19:18,001 basehttp: "GET /admin/logs/django.log/ajax/?page=12 HTTP/1.1" 200 7407
INFO 2025-08-12 14:19:18,985 basehttp: "GET /admin/logs/django.log/ajax/?page=12 HTTP/1.1" 200 7407
INFO 2025-08-12 14:19:20,008 basehttp: "GET /admin/logs/django.log/ajax/?page=12 HTTP/1.1" 200 7407
INFO 2025-08-12 14:19:20,979 basehttp: "GET /admin/logs/django.log/ajax/?page=12 HTTP/1.1" 200 7407
INFO 2025-08-12 14:19:22,007 basehttp: "GET /admin/logs/django.log/ajax/?page=12 HTTP/1.1" 200 7407
INFO 2025-08-12 14:19:22,973 basehttp: "GET /admin/logs/django.log/ajax/?page=12 HTTP/1.1" 200 7407
INFO 2025-08-12 14:19:24,002 basehttp: "GET /admin/logs/django.log/ajax/?page=12 HTTP/1.1" 200 7407
INFO 2025-08-12 14:19:24,990 basehttp: "GET /admin/logs/django.log/ajax/?page=12 HTTP/1.1" 200 7407
INFO 2025-08-12 14:19:26,002 basehttp: "GET /admin/logs/django.log/ajax/?page=12 HTTP/1.1" 200 7407
INFO 2025-08-12 14:19:26,983 basehttp: "GET /admin/logs/django.log/ajax/?page=12 HTTP/1.1" 200 7407
INFO 2025-08-12 14:19:27,995 basehttp: "GET /admin/logs/django.log/ajax/?page=12 HTTP/1.1" 200 7407
INFO 2025-08-12 14:19:28,984 basehttp: "GET /admin/logs/django.log/ajax/?page=12 HTTP/1.1" 200 7407
INFO 2025-08-12 14:19:29,026 basehttp: "GET /admin/logs/ HTTP/1.1" 200 6197
INFO 2025-08-12 14:19:29,063 basehttp: "GET /static/admin/css/base.css HTTP/1.1" 304 0
INFO 2025-08-12 14:19:29,063 basehttp: "GET /static/admin/css/dark_mode.css HTTP/1.1" 304 0
INFO 2025-08-12 14:19:29,065 basehttp: "GET /static/admin/css/nav_sidebar.css HTTP/1.1" 304 0
INFO 2025-08-12 14:19:29,065 basehttp: "GET /static/admin/css/responsive.css HTTP/1.1" 304 0
INFO 2025-08-12 14:19:29,067 basehttp: "GET /static/admin/js/theme.js HTTP/1.1" 304 0
INFO 2025-08-12 14:19:29,068 basehttp: "GET /static/admin/js/nav_sidebar.js HTTP/1.1" 304 0
INFO 2025-08-12 14:19:34,841 basehttp: "GET /admin/logs/application.log/ HTTP/1.1" 200 11955
INFO 2025-08-12 14:19:35,867 basehttp: "GET /admin/logs/application.log/ajax/?page=1 HTTP/1.1" 200 2647
INFO 2025-08-12 14:19:36,867 basehttp: "GET /admin/logs/application.log/ajax/?page=1 HTTP/1.1" 200 2647
INFO 2025-08-12 14:19:37,867 basehttp: "GET /admin/logs/application.log/ajax/?page=1 HTTP/1.1" 200 2647
INFO 2025-08-12 14:19:38,871 basehttp: "GET /admin/logs/application.log/ajax/?page=1 HTTP/1.1" 200 2647
INFO 2025-08-12 14:19:39,861 basehttp: "GET /admin/logs/application.log/ajax/?page=1 HTTP/1.1" 200 2647
INFO 2025-08-12 14:19:40,869 basehttp: "GET /admin/logs/application.log/ajax/?page=1 HTTP/1.1" 200 2647
INFO 2025-08-12 14:19:41,867 basehttp: "GET /admin/logs/application.log/ajax/?page=1 HTTP/1.1" 200 2647
INFO 2025-08-12 14:19:42,874 basehttp: "GET /admin/logs/application.log/ajax/?page=1 HTTP/1.1" 200 2647
INFO 2025-08-12 14:19:43,861 basehttp: "GET /admin/logs/application.log/ajax/?page=1 HTTP/1.1" 200 2647
INFO 2025-08-12 14:19:44,866 basehttp: "GET /admin/logs/application.log/ajax/?page=1 HTTP/1.1" 200 2647
INFO 2025-08-12 14:19:45,865 basehttp: "GET /admin/logs/application.log/ajax/?page=1 HTTP/1.1" 200 2647
INFO 2025-08-12 14:19:46,931 basehttp: "GET /admin/logs/application.log/ajax/?page=1 HTTP/1.1" 200 2647
INFO 2025-08-12 14:19:47,926 basehttp: "GET /admin/logs/application.log/ajax/?page=1 HTTP/1.1" 200 2647
INFO 2025-08-12 14:19:48,933 basehttp: "GET /admin/logs/application.log/ajax/?page=1 HTTP/1.1" 200 2647
INFO 2025-08-12 14:19:49,936 basehttp: "GET /admin/logs/application.log/ajax/?page=1 HTTP/1.1" 200 2647
INFO 2025-08-12 14:19:50,925 basehttp: "GET /admin/logs/application.log/ajax/?page=1 HTTP/1.1" 200 2647
INFO 2025-08-12 14:19:51,929 basehttp: "GET /admin/logs/application.log/ajax/?page=1 HTTP/1.1" 200 2647
INFO 2025-08-12 14:19:52,927 basehttp: "GET /admin/logs/application.log/ajax/?page=1 HTTP/1.1" 200 2647
INFO 2025-08-12 14:19:53,931 basehttp: "GET /admin/logs/application.log/ajax/?page=1 HTTP/1.1" 200 2647
INFO 2025-08-12 14:19:54,069 autoreload: D:\projects\django-admin-log-viewer\log_viewer\apps.py changed, reloading.
INFO 2025-08-12 14:19:54,559 autoreload: Watching for file changes with StatReloader
INFO 2025-08-12 14:19:55,258 basehttp: "GET /admin/logs/application.log/ajax/?page=1 HTTP/1.1" 200 2647
INFO 2025-08-12 14:19:55,926 basehttp: "GET /admin/logs/application.log/ajax/?page=1 HTTP/1.1" 200 2647
INFO 2025-08-12 14:19:56,929 basehttp: "GET /admin/logs/application.log/ajax/?page=1 HTTP/1.1" 200 2647
INFO 2025-08-12 14:19:57,934 basehttp: "GET /admin/logs/application.log/ajax/?page=1 HTTP/1.1" 200 2647
INFO 2025-08-12 14:19:58,920 basehttp: "GET /admin/logs/application.log/ajax/?page=1 HTTP/1.1" 200 2647
INFO 2025-08-12 14:19:59,927 basehttp: "GET /admin/logs/application.log/ajax/?page=1 HTTP/1.1" 200 2647
INFO 2025-08-12 14:20:00,926 basehttp: "GET /admin/logs/application.log/ajax/?page=1 HTTP/1.1" 200 2647
INFO 2025-08-12 14:20:01,925 basehttp: "GET /admin/logs/application.log/ajax/?page=1 HTTP/1.1" 200 2647
INFO 2025-08-12 14:20:02,927 basehttp: "GET /admin/logs/application.log/ajax/?page=1 HTTP/1.1" 200 2647
INFO 2025-08-12 14:20:03,930 basehttp: "GET /admin/logs/application.log/ajax/?page=1 HTTP/1.1" 200 2647
INFO 2025-08-12 14:20:04,934 basehttp: "GET /admin/logs/application.log/ajax/?page=1 HTTP/1.1" 200 2647
INFO 2025-08-12 14:20:05,932 basehttp: "GET /admin/logs/application.log/ajax/?page=1 HTTP/1.1" 200 2647
INFO 2025-08-12 14:20:06,934 basehttp: "GET /admin/logs/application.log/ajax/?page=1 HTTP/1.1" 200 2647
INFO 2025-08-12 14:20:07,921 basehttp: "GET /admin/logs/application.log/ajax/?page=1 HTTP/1.1" 200 2647
INFO 2025-08-12 14:20:08,930 basehttp: "GET /admin/logs/application.log/ajax/?page=1 HTTP/1.1" 200 2647
INFO 2025-08-12 14:20:09,934 basehttp: "GET /admin/logs/application.log/ajax/?page=1 HTTP/1.1" 200 2647
INFO 2025-08-12 14:20:10,935 basehttp: "GET /admin/logs/application.log/ajax/?page=1 HTTP/1.1" 200 2647
INFO 2025-08-12 14:20:11,935 basehttp: "GET /admin/logs/application.log/ajax/?page=1 HTTP/1.1" 200 2647
INFO 2025-08-12 14:20:12,934 basehttp: "GET /admin/logs/application.log/ajax/?page=1 HTTP/1.1" 200 2647
INFO 2025-08-12 14:20:13,922 basehttp: "GET /admin/logs/application.log/ajax/?page=1 HTTP/1.1" 200 2647
INFO 2025-08-12 14:20:14,929 basehttp: "GET /admin/logs/application.log/ajax/?page=1 HTTP/1.1" 200 2647
INFO 2025-08-12 14:20:15,934 basehttp: "GET /admin/logs/application.log/ajax/?page=1 HTTP/1.1" 200 2647
INFO 2025-08-12 14:20:16,924 basehttp: "GET /admin/logs/application.log/ajax/?page=1 HTTP/1.1" 200 2647
INFO 2025-08-12 14:20:17,926 basehttp: "GET /admin/logs/application.log/ajax/?page=1 HTTP/1.1" 200 2647
INFO 2025-08-12 14:20:18,929 basehttp: "GET /admin/logs/application.log/ajax/?page=1 HTTP/1.1" 200 2647
INFO 2025-08-12 14:20:19,931 basehttp: "GET /admin/logs/application.log/ajax/?page=1 HTTP/1.1" 200 2647
INFO 2025-08-12 14:20:20,926 basehttp: "GET /admin/logs/application.log/ajax/?page=1 HTTP/1.1" 200 2647
INFO 2025-08-12 14:20:21,931 basehttp: "GET /admin/logs/application.log/ajax/?page=1 HTTP/1.1" 200 2647
INFO 2025-08-12 14:20:22,934 basehttp: "GET /admin/logs/application.log/ajax/?page=1 HTTP/1.1" 200 2647
INFO 2025-08-12 14:20:23,936 basehttp: "GET /admin/logs/application.log/ajax/?page=1 HTTP/1.1" 200 2647
INFO 2025-08-12 14:20:24,929 basehttp: "GET /admin/logs/application.log/ajax/?page=1 HTTP/1.1" 200 2647
INFO 2025-08-12 14:20:25,934 basehttp: "GET /admin/logs/application.log/ajax/?page=1 HTTP/1.1" 200 2647
INFO 2025-08-12 14:20:26,935 basehttp: "GET /admin/logs/application.log/ajax/?page=1 HTTP/1.1" 200 2647
INFO 2025-08-12 14:20:27,926 basehttp: "GET /admin/logs/application.log/ajax/?page=1 HTTP/1.1" 200 2647
INFO 2025-08-12 14:20:28,930 basehttp: "GET /admin/logs/application.log/ajax/?page=1 HTTP/1.1" 200 2647
INFO 2025-08-12 14:20:29,933 basehttp: "GET /admin/logs/application.log/ajax/?page=1 HTTP/1.1" 200 2647
INFO 2025-08-12 14:20:30,934 basehttp: "GET /admin/logs/application.log/ajax/?page=1 HTTP/1.1" 200 2647
INFO 2025-08-12 14:20:31,932 basehttp: "GET /admin/logs/application.log/ajax/?page=1 HTTP/1.1" 200 2647
INFO 2025-08-12 14:20:32,933 basehttp: "GET /admin/logs/application.log/ajax/?page=1 HTTP/1.1" 200 2647
INFO 2025-08-12 14:20:33,930 basehttp: "GET /admin/logs/application.log/ajax/?page=1 HTTP/1.1" 200 2647
INFO 2025-08-12 14:20:34,936 basehttp: "GET /admin/logs/application.log/ajax/?page=1 HTTP/1.1" 200 2647
INFO 2025-08-12 14:20:35,930 basehttp: "GET /admin/logs/application.log/ajax/?page=1 HTTP/1.1" 200 2647
INFO 2025-08-12 14:20:36,933 basehttp: "GET /admin/logs/application.log/ajax/?page=1 HTTP/1.1" 200 2647
INFO 2025-08-12 14:20:37,933 basehttp: "GET /admin/logs/application.log/ajax/?page=1 HTTP/1.1" 200 2647
INFO 2025-08-12 14:20:38,922 basehttp: "GET /admin/logs/application.log/ajax/?page=1 HTTP/1.1" 200 2647
INFO 2025-08-12 14:20:39,936 basehttp: "GET /admin/logs/application.log/ajax/?page=1 HTTP/1.1" 200 2647
INFO 2025-08-12 14:20:40,922 basehttp: "GET /admin/logs/application.log/ajax/?page=1 HTTP/1.1" 200 2647
INFO 2025-08-12 14:20:41,933 basehttp: "GET /admin/logs/application.log/ajax/?page=1 HTTP/1.1" 200 2647
INFO 2025-08-12 14:20:42,922 basehttp: "GET /admin/logs/application.log/ajax/?page=1 HTTP/1.1" 200 2647
INFO 2025-08-12 14:20:43,934 basehttp: "GET /admin/logs/application.log/ajax/?page=1 HTTP/1.1" 200 2647
INFO 2025-08-12 14:20:44,925 basehttp: "GET /admin/logs/application.log/ajax/?page=1 HTTP/1.1" 200 2647
INFO 2025-08-12 14:20:45,926 basehttp: "GET /admin/logs/application.log/ajax/?page=1 HTTP/1.1" 200 2647
INFO 2025-08-12 14:21:26,939 basehttp: "GET /admin/logs/application.log/ajax/?page=1 HTTP/1.1" 200 2647
INFO 2025-08-12 14:21:51,590 autoreload: D:\projects\django-admin-log-viewer\myproject\myproject\settings.py changed, reloading.
INFO 2025-08-12 14:21:52,067 autoreload: Watching for file changes with StatReloader
INFO 2025-08-12 14:22:27,240 basehttp: "GET /admin/logs/application.log/ajax/?page=1 HTTP/1.1" 200 2647
INFO 2025-08-12 14:23:26,925 basehttp: "GET /admin/logs/application.log/ajax/?page=1 HTTP/1.1" 200 2647
INFO 2025-08-12 14:24:26,937 basehttp: "GET /admin/logs/application.log/ajax/?page=1 HTTP/1.1" 200 2647
INFO 2025-08-12 14:24:45,952 basehttp: "GET /admin/logs/?id=eb62dd40-0eef-494c-9c50-f00ef4dc1df8&vscodeBrowserReqId=1754996085947 HTTP/1.1" 302 0
INFO 2025-08-12 14:24:45,981 basehttp: "GET /admin/login/?next=/admin/logs/%3Fid%3Deb62dd40-0eef-494c-9c50-f00ef4dc1df8%26vscodeBrowserReqId%3D1754996085947 HTTP/1.1" 200 4352
INFO 2025-08-12 14:25:12,324 basehttp: "GET /admin/logs/application.log/ajax/?page=1 HTTP/1.1" 200 2647
INFO 2025-08-12 14:25:12,858 basehttp: "GET /admin/logs/application.log/ajax/?page=1 HTTP/1.1" 200 2647
INFO 2025-08-12 14:25:13,872 basehttp: "GET /admin/logs/application.log/ajax/?page=1 HTTP/1.1" 200 2647
INFO 2025-08-12 14:25:14,862 basehttp: "GET /admin/logs/application.log/ajax/?page=1 HTTP/1.1" 200 2647
INFO 2025-08-12 14:25:15,529 basehttp: "GET /admin/logs/application.log/ HTTP/1.1" 200 11957
INFO 2025-08-12 14:25:15,558 basehttp: "GET /static/admin/css/base.css HTTP/1.1" 304 0
INFO 2025-08-12 14:25:15,562 basehttp: "GET /static/admin/css/dark_mode.css HTTP/1.1" 304 0
INFO 2025-08-12 14:25:15,563 basehttp: "GET /static/admin/css/nav_sidebar.css HTTP/1.1" 304 0
INFO 2025-08-12 14:25:15,616 basehttp: "GET /static/log_viewer/css/log_viewer.css HTTP/1.1" 200 6145
INFO 2025-08-12 14:25:15,617 basehttp: "GET /static/admin/css/responsive.css HTTP/1.1" 304 0
INFO 2025-08-12 14:25:15,618 basehttp: "GET /static/admin/js/theme.js HTTP/1.1" 304 0
INFO 2025-08-12 14:25:15,637 basehttp: "GET /static/log_viewer/js/log_viewer.js HTTP/1.1" 200 10513
INFO 2025-08-12 14:25:15,638 basehttp: "GET /static/admin/js/nav_sidebar.js HTTP/1.1" 304 0
INFO 2025-08-12 14:25:18,481 basehttp: "GET /admin/logs/ HTTP/1.1" 200 6197
INFO 2025-08-12 14:25:20,102 basehttp: "GET /admin/logs/django.log/ HTTP/1.1" 200 20070
INFO 2025-08-12 14:25:23,476 basehttp: "GET /admin/logs/django.log/?page=24 HTTP/1.1" 200 17665
INFO 2025-08-12 14:27:23,380 basehttp: "GET /admin/logs/django.log/ajax/?page=24&t=1754996243351 HTTP/1.1" 200 6467
INFO 2025-08-12 14:27:53,361 basehttp: "GET /admin/logs/django.log/ajax/?page=24&t=1754996273356 HTTP/1.1" 200 6799
INFO 2025-08-12 14:29:06,981 autoreload: D:\projects\django-admin-log-viewer\myproject\myproject\settings.py changed, reloading.
INFO 2025-08-12 14:29:07,543 autoreload: Watching for file changes with StatReloader
INFO 2025-08-12 14:30:33,481 autoreload: D:\projects\django-admin-log-viewer\log_viewer\admin.py changed, reloading.
INFO 2025-08-12 14:30:33,988 autoreload: Watching for file changes with StatReloader
INFO 2025-08-12 14:31:41,691 autoreload: D:\projects\django-admin-log-viewer\myproject\myproject\settings.py changed, reloading.
INFO 2025-08-12 14:31:42,154 autoreload: Watching for file changes with StatReloader
INFO 2025-08-12 14:32:01,725 basehttp: "GET /admin/logs/django.log/?page=24 HTTP/1.1" 200 20521
INFO 2025-08-12 14:32:01,758 basehttp: "GET /static/admin/css/dark_mode.css HTTP/1.1" 304 0
INFO 2025-08-12 14:32:01,758 basehttp: "GET /static/admin/css/base.css HTTP/1.1" 304 0
INFO 2025-08-12 14:32:01,760 basehttp: "GET /static/admin/css/nav_sidebar.css HTTP/1.1" 304 0
INFO 2025-08-12 14:32:01,760 basehttp: "GET /static/log_viewer/css/log_viewer.css HTTP/1.1" 304 0
INFO 2025-08-12 14:32:01,761 basehttp: "GET /static/admin/css/responsive.css HTTP/1.1" 304 0
INFO 2025-08-12 14:32:01,761 basehttp: "GET /static/admin/js/theme.js HTTP/1.1" 304 0
INFO 2025-08-12 14:32:01,763 basehttp: "GET /static/admin/js/nav_sidebar.js HTTP/1.1" 304 0
INFO 2025-08-12 14:32:01,832 basehttp: "GET /static/log_viewer/js/log_viewer.js HTTP/1.1" 200 10855
INFO 2025-08-12 14:32:09,343 basehttp: "GET /admin/logs/django.log/?page=25 HTTP/1.1" 200 13871
INFO 2025-08-12 14:32:09,375 basehttp: "GET /static/log_viewer/js/log_viewer.js HTTP/1.1" 304 0
INFO 2025-08-12 14:32:14,040 basehttp: "GET /admin/logs/django.log/?page=25 HTTP/1.1" 200 14917
INFO 2025-08-12 14:32:14,062 basehttp: "GET /static/log_viewer/js/log_viewer.js HTTP/1.1" 304 0
INFO 2025-08-12 14:32:18,337 basehttp: "GET /admin/logs/django.log/?page=25 HTTP/1.1" 200 15963
INFO 2025-08-12 14:33:59,718 basehttp: "GET /admin/ HTTP/1.1" 200 4556
INFO 2025-08-12 14:33:59,760 basehttp: "GET /static/admin/css/dashboard.css HTTP/1.1" 304 0
INFO 2025-08-12 14:34:31,178 basehttp: "GET /admin/logs/django.log/ajax/?page=25&t=1754996671150 HTTP/1.1" 200 5867
INFO 2025-08-12 14:35:01,157 basehttp: "GET /admin/logs/django.log/ajax/?page=25&t=1754996701152 HTTP/1.1" 200 6199
INFO 2025-08-12 14:36:53,112 autoreload: D:\projects\django-admin-log-viewer\myproject\myproject\settings.py changed, reloading.
INFO 2025-08-12 14:36:53,709 autoreload: Watching for file changes with StatReloader
INFO 2025-08-12 14:37:09,050 autoreload: D:\projects\django-admin-log-viewer\log_viewer\admin.py changed, reloading.
INFO 2025-08-12 14:37:09,503 autoreload: Watching for file changes with StatReloader
INFO 2025-08-12 14:38:02,090 autoreload: D:\projects\django-admin-log-viewer\myproject\myproject\settings.py changed, reloading.
INFO 2025-08-12 14:38:02,565 autoreload: Watching for file changes with StatReloader
INFO 2025-08-12 14:39:04,841 basehttp: "GET /admin/logs/django.log/ajax/?page=25&t=1754996944525 HTTP/1.1" 200 7499
INFO 2025-08-12 14:41:08,477 basehttp: "GET /admin/logs/django.log/?page=25 HTTP/1.1" 200 20492
INFO 2025-08-12 14:41:08,510 basehttp: "GET /static/admin/css/base.css HTTP/1.1" 304 0
INFO 2025-08-12 14:41:08,512 basehttp: "GET /static/admin/css/dark_mode.css HTTP/1.1" 304 0
INFO 2025-08-12 14:41:08,513 basehttp: "GET /static/admin/css/nav_sidebar.css HTTP/1.1" 304 0
INFO 2025-08-12 14:41:08,572 basehttp: "GET /static/log_viewer/css/log_viewer.css HTTP/1.1" 200 6415
INFO 2025-08-12 14:41:08,573 basehttp: "GET /static/admin/css/responsive.css HTTP/1.1" 304 0
INFO 2025-08-12 14:41:08,575 basehttp: "GET /static/admin/js/theme.js HTTP/1.1" 304 0
INFO 2025-08-12 14:41:08,597 basehttp: "GET /static/log_viewer/js/log_viewer.js HTTP/1.1" 200 13159
INFO 2025-08-12 14:41:08,598 basehttp: "GET /static/admin/js/nav_sidebar.js HTTP/1.1" 304 0
INFO 2025-08-12 14:41:17,472 basehttp: "GET /admin/logs/django.log/?page=26 HTTP/1.1" 200 14046
INFO 2025-08-12 14:41:17,517 basehttp: "GET /static/log_viewer/js/log_viewer.js HTTP/1.1" 304 0
INFO 2025-08-12 14:41:17,518 basehttp: "GET /static/log_viewer/css/log_viewer.css HTTP/1.1" 304 0
INFO 2025-08-12 14:41:27,566 basehttp: "GET /admin/logs/django.log/ajax/?page=26&t=1754997087536 HTTP/1.1" 200 4761
INFO 2025-08-12 14:41:37,543 basehttp: "GET /admin/logs/django.log/ajax/?page=26&t=1754997097537 HTTP/1.1" 200 5093
INFO 2025-08-12 14:41:47,554 basehttp: "GET /admin/logs/django.log/ajax/?page=26&t=1754997107530 HTTP/1.1" 200 5425
INFO 2025-08-12 14:41:57,536 basehttp: "GET /admin/logs/django.log/ajax/?page=26&t=1754997117531 HTTP/1.1" 200 5757
INFO 2025-08-12 14:42:07,551 basehttp: "GET /admin/logs/django.log/ajax/?page=26&t=1754997127527 HTTP/1.1" 200 6089
INFO 2025-08-12 14:42:17,533 basehttp: "GET /admin/logs/django.log/ajax/?page=26&t=1754997137528 HTTP/1.1" 200 6421
INFO 2025-08-12 14:42:27,555 basehttp: "GET /admin/logs/django.log/ajax/?page=26&t=1754997147530 HTTP/1.1" 200 6753
INFO 2025-08-12 14:42:37,526 basehttp: "GET /admin/logs/django.log/ajax/?page=26&t=1754997157522 HTTP/1.1" 200 7085
INFO 2025-08-12 14:43:27,938 autoreload: D:\projects\django-admin-log-viewer\log_viewer\middleware.py changed, reloading.
INFO 2025-08-12 14:43:28,411 autoreload: Watching for file changes with StatReloader
INFO 2025-08-12 14:43:39,732 autoreload: D:\projects\django-admin-log-viewer\log_viewer\middleware.py changed, reloading.
INFO 2025-08-12 14:43:40,164 autoreload: Watching for file changes with StatReloader
INFO 2025-08-12 14:43:52,288 basehttp: "GET /admin/logs/django.log/ajax/?page=26&t=1754997231970 HTTP/1.1" 200 7765
INFO 2025-08-12 14:44:01,981 basehttp: "GET /admin/logs/django.log/ajax/?page=26&t=1754997241962 HTTP/1.1" 200 7765
INFO 2025-08-12 14:44:11,978 basehttp: "GET /admin/logs/django.log/ajax/?page=26&t=1754997251973 HTTP/1.1" 200 7765
INFO 2025-08-12 14:44:23,032 basehttp: "GET /admin/logs/django.log/?page=26 HTTP/1.1" 200 20686
INFO 2025-08-12 14:44:23,063 basehttp: "GET /static/log_viewer/js/log_viewer.js HTTP/1.1" 304 0
INFO 2025-08-12 14:44:23,063 basehttp: "GET /static/log_viewer/css/log_viewer.css HTTP/1.1" 304 0
INFO 2025-08-12 14:44:33,094 basehttp: "GET /admin/logs/django.log/ajax/?page=26&t=1754997273085 HTTP/1.1" 200 7765
INFO 2025-08-12 14:44:43,100 basehttp: "GET /admin/logs/django.log/ajax/?page=26&t=1754997283077 HTTP/1.1" 200 7765
INFO 2025-08-12 14:44:53,089 basehttp: "GET /admin/logs/django.log/ajax/?page=26&t=1754997293084 HTTP/1.1" 200 7765
INFO 2025-08-12 14:45:03,106 basehttp: "GET /admin/logs/django.log/ajax/?page=26&t=1754997303081 HTTP/1.1" 200 7765
INFO 2025-08-12 14:45:13,089 basehttp: "GET /admin/logs/django.log/ajax/?page=26&t=1754997313083 HTTP/1.1" 200 7765
INFO 2025-08-12 14:45:57,928 autoreload: D:\projects\django-admin-log-viewer\myproject\myproject\settings.py changed, reloading.
INFO 2025-08-12 14:45:58,438 autoreload: Watching for file changes with StatReloader
INFO 2025-08-12 14:46:04,179 basehttp: "GET /admin/logs/django.log/?page=26 HTTP/1.1" 200 20686
INFO 2025-08-12 14:46:04,211 basehttp: "GET /static/admin/css/base.css HTTP/1.1" 304 0
INFO 2025-08-12 14:46:04,212 basehttp: "GET /static/admin/css/dark_mode.css HTTP/1.1" 304 0
INFO 2025-08-12 14:46:04,213 basehttp: "GET /static/admin/css/nav_sidebar.css HTTP/1.1" 304 0
INFO 2025-08-12 14:46:04,213 basehttp: "GET /static/admin/css/responsive.css HTTP/1.1" 304 0
INFO 2025-08-12 14:46:04,213 basehttp: "GET /static/log_viewer/css/log_viewer.css HTTP/1.1" 304 0
INFO 2025-08-12 14:46:04,215 basehttp: "GET /static/admin/js/theme.js HTTP/1.1" 304 0
INFO 2025-08-12 14:46:04,215 basehttp: "GET /static/log_viewer/js/log_viewer.js HTTP/1.1" 304 0
INFO 2025-08-12 14:46:04,217 basehttp: "GET /static/admin/js/nav_sidebar.js HTTP/1.1" 304 0
INFO 2025-08-12 14:46:10,341 basehttp: "GET /admin/logs/django.log/?page=27 HTTP/1.1" 200 20480
INFO 2025-08-12 14:46:19,148 basehttp: "GET /admin/logs/ HTTP/1.1" 200 6866
INFO 2025-08-12 14:46:21,400 basehttp: "GET /admin/logs/celery_beat.log/ HTTP/1.1" 200 21336
INFO 2025-08-12 14:46:27,415 basehttp: "GET /admin/logs/celery_beat.log/?page=158 HTTP/1.1" 200 9042
INFO 2025-08-12 14:46:30,691 basehttp: "GET /admin/logs/celery_beat.log/?page=157 HTTP/1.1" 200 21536
INFO 2025-08-12 14:46:53,001 basehttp: "GET /admin/logs/celery_beat.log/?page=1 HTTP/1.1" 200 21336
INFO 2025-08-12 14:46:53,032 basehttp: "GET /static/log_viewer/css/log_viewer.css HTTP/1.1" 304 0
INFO 2025-08-12 14:46:53,032 basehttp: "GET /static/log_viewer/js/log_viewer.js HTTP/1.1" 304 0
INFO 2025-08-12 14:46:55,687 basehttp: "GET /admin/logs/celery_beat.log/?page=2 HTTP/1.1" 200 21483
INFO 2025-08-12 14:47:05,717 basehttp: "GET /admin/logs/celery_beat.log/ajax/?page=2&t=1754997425711 HTTP/1.1" 200 9609
INFO 2025-08-12 14:47:38,556 autoreload: D:\projects\django-admin-log-viewer\log_viewer\admin.py changed, reloading.
INFO 2025-08-12 14:47:39,059 autoreload: Watching for file changes with StatReloader
INFO 2025-08-12 14:51:19,802 autoreload: D:\projects\django-admin-log-viewer\log_viewer\utils.py changed, reloading.
INFO 2025-08-12 14:51:20,264 autoreload: Watching for file changes with StatReloader
INFO 2025-08-12 14:51:48,691 autoreload: D:\projects\django-admin-log-viewer\log_viewer\utils.py changed, reloading.
INFO 2025-08-12 14:51:49,172 autoreload: Watching for file changes with StatReloader
INFO 2025-08-12 14:52:15,595 autoreload: D:\projects\django-admin-log-viewer\log_viewer\utils.py changed, reloading.
INFO 2025-08-12 14:52:16,087 autoreload: Watching for file changes with StatReloader
INFO 2025-08-12 14:54:51,224 basehttp: "GET /admin/logs/celery_beat.log/?page=2 HTTP/1.1" 200 45090
INFO 2025-08-12 14:54:51,257 basehttp: "GET /static/admin/css/base.css HTTP/1.1" 304 0
INFO 2025-08-12 14:54:51,259 basehttp: "GET /static/admin/css/dark_mode.css HTTP/1.1" 304 0
INFO 2025-08-12 14:54:51,260 basehttp: "GET /static/admin/js/theme.js HTTP/1.1" 304 0
INFO 2025-08-12 14:54:51,261 basehttp: "GET /static/admin/css/nav_sidebar.css HTTP/1.1" 304 0
INFO 2025-08-12 14:54:51,262 basehttp: "GET /static/admin/css/responsive.css HTTP/1.1" 304 0
INFO 2025-08-12 14:54:51,375 basehttp: "GET /static/log_viewer/css/log_viewer.css HTTP/1.1" 200 9145
INFO 2025-08-12 14:54:51,377 basehttp: "GET /static/admin/js/nav_sidebar.js HTTP/1.1" 304 0
INFO 2025-08-12 14:54:51,399 basehttp: "GET /static/log_viewer/js/log_viewer.js HTTP/1.1" 200 14292
INFO 2025-08-12 14:55:01,434 basehttp: "GET /admin/logs/celery_beat.log/ajax/?page=2&t=1754997901421 HTTP/1.1" 200 37873
INFO 2025-08-12 14:55:11,426 basehttp: "GET /admin/logs/celery_beat.log/ajax/?page=2&t=1754997911418 HTTP/1.1" 200 37873
INFO 2025-08-12 14:55:21,426 basehttp: "GET /admin/logs/celery_beat.log/ajax/?page=2&t=1754997921418 HTTP/1.1" 200 37873
INFO 2025-08-12 14:55:36,819 basehttp: "GET /admin/logs/celery_beat.log/ajax/?page=2&t=1754997936813 HTTP/1.1" 200 37873
INFO 2025-08-12 14:55:41,587 basehttp: "GET /admin/logs/celery_beat.log/?page=2 HTTP/1.1" 200 45090
INFO 2025-08-12 14:55:41,623 basehttp: "GET /static/log_viewer/css/log_viewer.css HTTP/1.1" 304 0
INFO 2025-08-12 14:55:41,624 basehttp: "GET /static/log_viewer/js/log_viewer.js HTTP/1.1" 304 0
INFO 2025-08-12 14:55:51,639 basehttp: "GET /admin/logs/celery_beat.log/ajax/?page=2&t=1754997951632 HTTP/1.1" 200 37873
INFO 2025-08-12 14:56:19,513 autoreload: D:\projects\django-admin-log-viewer\log_viewer\utils.py changed, reloading.
INFO 2025-08-12 14:56:20,042 autoreload: Watching for file changes with StatReloader
INFO 2025-08-12 14:57:27,248 basehttp: "GET /admin/logs/celery_beat.log/ajax/?page=2&t=1754998046926 HTTP/1.1" 200 37873
INFO 2025-08-12 15:00:00,818 basehttp: "GET /admin/logs/celery_beat.log/ajax/?page=2&t=1754998200809 HTTP/1.1" 200 37873
INFO 2025-08-12 15:00:30,682 basehttp: "GET /admin/logs/celery_beat.log/?page=2 HTTP/1.1" 200 47863
INFO 2025-08-12 15:00:30,766 basehttp: "GET /static/log_viewer/css/log_viewer.css HTTP/1.1" 200 11857
INFO 2025-08-12 15:00:30,785 basehttp: "GET /static/log_viewer/js/log_viewer.js HTTP/1.1" 200 26615
INFO 2025-08-12 15:00:40,814 basehttp: "GET /admin/logs/celery_beat.log/ajax/?page=2&t=1754998240807 HTTP/1.1" 200 37873
INFO 2025-08-12 15:00:42,347 basehttp: "GET /admin/logs/ HTTP/1.1" 200 6866
INFO 2025-08-12 15:00:44,372 basehttp: "GET /admin/logs/django.log/ HTTP/1.1" 200 32345
INFO 2025-08-12 15:00:44,398 basehttp: "GET /static/admin/css/base.css HTTP/1.1" 304 0
INFO 2025-08-12 15:00:44,403 basehttp: "GET /static/admin/css/dark_mode.css HTTP/1.1" 304 0
INFO 2025-08-12 15:00:44,403 basehttp: "GET /static/admin/js/theme.js HTTP/1.1" 304 0
INFO 2025-08-12 15:00:44,405 basehttp: "GET /static/admin/css/responsive.css HTTP/1.1" 304 0
INFO 2025-08-12 15:00:44,405 basehttp: "GET /static/admin/css/nav_sidebar.css HTTP/1.1" 304 0
INFO 2025-08-12 15:00:44,407 basehttp: "GET /static/log_viewer/js/log_viewer.js HTTP/1.1" 304 0
INFO 2025-08-12 15:00:44,409 basehttp: "GET /static/admin/js/nav_sidebar.js HTTP/1.1" 304 0
INFO 2025-08-12 15:00:54,417 basehttp: "GET /admin/logs/django.log/ajax/?page=1&t=1754998254412 HTTP/1.1" 200 12090
INFO 2025-08-12 15:01:04,440 basehttp: "GET /admin/logs/django.log/ajax/?page=1&t=1754998264422 HTTP/1.1" 200 12090
INFO 2025-08-12 15:01:14,432 basehttp: "GET /admin/logs/django.log/ajax/?page=1&t=1754998274427 HTTP/1.1" 200 12090
INFO 2025-08-12 15:01:24,435 basehttp: "GET /admin/logs/django.log/ajax/?page=1&t=1754998284416 HTTP/1.1" 200 12090
INFO 2025-08-12 15:01:34,421 basehttp: "GET /admin/logs/django.log/ajax/?page=1&t=1754998294416 HTTP/1.1" 200 12090
INFO 2025-08-12 15:01:44,431 basehttp: "GET /admin/logs/django.log/ajax/?page=1&t=1754998304411 HTTP/1.1" 200 12090
INFO 2025-08-12 15:01:54,419 basehttp: "GET /admin/logs/django.log/ajax/?page=1&t=1754998314413 HTTP/1.1" 200 12090
INFO 2025-08-12 15:03:08,049 basehttp: "GET /admin/logs/django.log/ajax/?page=1&t=1754998388012 HTTP/1.1" 200 12090
INFO 2025-08-12 15:03:18,022 basehttp: "GET /admin/logs/django.log/ajax/?page=1&t=1754998398014 HTTP/1.1" 200 12090
INFO 2025-08-12 15:03:28,039 basehttp: "GET /admin/logs/django.log/ajax/?page=1&t=1754998408012 HTTP/1.1" 200 12090
INFO 2025-08-12 15:04:08,048 basehttp: "GET /admin/logs/django.log/ HTTP/1.1" 200 32814
INFO 2025-08-12 15:04:08,085 basehttp: "GET /static/log_viewer/css/log_viewer.css HTTP/1.1" 304 0
INFO 2025-08-12 15:04:08,085 basehttp: "GET /static/log_viewer/js/log_viewer.js HTTP/1.1" 304 0
INFO 2025-08-12 15:04:09,647 basehttp: "GET /admin/logs/django.log/ HTTP/1.1" 200 32814
INFO 2025-08-12 15:04:10,465 basehttp: "GET /admin/logs/django.log/ HTTP/1.1" 200 32814
INFO 2025-08-12 15:04:10,928 basehttp: "GET /admin/logs/django.log/ HTTP/1.1" 200 32814
INFO 2025-08-12 15:04:11,286 basehttp: "GET /admin/logs/django.log/ HTTP/1.1" 200 32814
INFO 2025-08-12 15:04:11,722 basehttp: "GET /admin/logs/django.log/ HTTP/1.1" 200 32814
INFO 2025-08-12 15:04:21,750 basehttp: "GET /admin/logs/django.log/ajax/?page=1&t=1754998461741 HTTP/1.1" 200 12090
INFO 2025-08-12 15:04:58,319 basehttp: "GET /admin/ HTTP/1.1" 200 4556
INFO 2025-08-12 15:04:58,367 basehttp: "GET /static/admin/css/dashboard.css HTTP/1.1" 304 0
INFO 2025-08-12 15:05:03,900 basehttp: "GET /admin/logs/ HTTP/1.1" 200 7272
INFO 2025-08-12 15:05:03,936 basehttp: "GET /static/log_viewer/css/log_viewer.css HTTP/1.1" 304 0
INFO 2025-08-12 15:05:08,656 basehttp: "GET /admin/ HTTP/1.1" 200 4556
INFO 2025-08-12 15:05:13,277 basehttp: "GET /admin/logs/ HTTP/1.1" 200 7272
INFO 2025-08-12 15:05:18,804 basehttp: "GET /admin/logs/django.log/ HTTP/1.1" 200 32739
INFO 2025-08-12 15:05:18,840 basehttp: "GET /static/log_viewer/js/log_viewer.js HTTP/1.1" 304 0
INFO 2025-08-12 15:05:32,627 basehttp: "GET /admin/logs/django.log/ HTTP/1.1" 200 32739
INFO 2025-08-12 15:05:33,702 basehttp: "GET /admin/logs/django.log/ HTTP/1.1" 200 32739
INFO 2025-08-12 15:05:43,737 basehttp: "GET /admin/logs/django.log/ajax/?page=1&t=1754998543730 HTTP/1.1" 200 12090
INFO 2025-08-12 15:05:47,799 basehttp: "GET /admin/logs/ HTTP/1.1" 200 7272
INFO 2025-08-12 15:05:47,827 basehttp: "GET /static/log_viewer/css/log_viewer.css HTTP/1.1" 304 0
INFO 2025-08-12 15:06:47,829 basehttp: "GET /admin/logs/ HTTP/1.1" 200 7130
INFO 2025-08-12 15:06:47,873 basehttp: "GET /static/log_viewer/css/log_viewer.css HTTP/1.1" 304 0
INFO 2025-08-12 15:07:18,105 autoreload: D:\projects\django-admin-log-viewer\log_viewer\utils.py changed, reloading.
INFO 2025-08-12 15:07:18,628 autoreload: Watching for file changes with StatReloader
INFO 2025-08-12 15:09:30,264 basehttp: "GET /admin/logs/ HTTP/1.1" 200 7272
INFO 2025-08-12 15:09:30,293 basehttp: "GET /static/admin/css/dark_mode.css HTTP/1.1" 304 0
INFO 2025-08-12 15:09:30,293 basehttp: "GET /static/admin/css/base.css HTTP/1.1" 304 0
INFO 2025-08-12 15:09:30,295 basehttp: "GET /static/admin/css/nav_sidebar.css HTTP/1.1" 304 0
INFO 2025-08-12 15:09:30,296 basehttp: "GET /static/admin/css/responsive.css HTTP/1.1" 304 0
INFO 2025-08-12 15:09:30,298 basehttp: "GET /static/admin/js/theme.js HTTP/1.1" 304 0
INFO 2025-08-12 15:09:30,300 basehttp: "GET /static/admin/js/nav_sidebar.js HTTP/1.1" 304 0
INFO 2025-08-12 15:09:30,382 basehttp: "GET /static/log_viewer/css/log_viewer.css HTTP/1.1" 200 12068
INFO 2025-08-12 15:09:35,314 basehttp: "GET /admin/logs/ HTTP/1.1" 200 7272
INFO 2025-08-12 15:09:35,335 basehttp: "GET /static/log_viewer/css/log_viewer.css HTTP/1.1" 200 12978
INFO 2025-08-12 15:09:36,426 basehttp: "GET /admin/logs/ HTTP/1.1" 200 7272
INFO 2025-08-12 15:09:36,447 basehttp: "GET /static/log_viewer/css/log_viewer.css HTTP/1.1" 304 0
INFO 2025-08-12 15:09:37,046 basehttp: "GET /admin/logs/ HTTP/1.1" 200 7272
INFO 2025-08-12 15:09:37,067 basehttp: "GET /static/log_viewer/css/log_viewer.css HTTP/1.1" 304 0
INFO 2025-08-12 15:09:37,680 basehttp: "GET /admin/logs/ HTTP/1.1" 200 7272
INFO 2025-08-12 15:09:37,707 basehttp: "GET /static/log_viewer/css/log_viewer.css HTTP/1.1" 304 0
INFO 2025-08-12 15:09:38,178 basehttp: "GET /admin/logs/ HTTP/1.1" 200 7272
INFO 2025-08-12 15:09:38,200 basehttp: "GET /static/log_viewer/css/log_viewer.css HTTP/1.1" 304 0
INFO 2025-08-12 15:09:38,617 basehttp: "GET /admin/logs/ HTTP/1.1" 200 7272
INFO 2025-08-12 15:09:38,639 basehttp: "GET /static/log_viewer/css/log_viewer.css HTTP/1.1" 304 0
INFO 2025-08-12 15:09:38,846 basehttp: "GET /admin/logs/ HTTP/1.1" 200 7272
INFO 2025-08-12 15:09:38,868 basehttp: "GET /static/log_viewer/css/log_viewer.css HTTP/1.1" 304 0
INFO 2025-08-12 15:09:59,895 basehttp: "GET /admin/logs/ HTTP/1.1" 200 7525
INFO 2025-08-12 15:09:59,919 basehttp: "GET /static/log_viewer/css/log_viewer.css HTTP/1.1" 304 0
INFO 2025-08-12 15:10:00,865 basehttp: "GET /admin/logs/ HTTP/1.1" 200 7525
INFO 2025-08-12 15:10:01,498 basehttp: "GET /admin/logs/ HTTP/1.1" 200 7525
INFO 2025-08-12 15:10:01,519 basehttp: "GET /static/log_viewer/css/log_viewer.css HTTP/1.1" 304 0
INFO 2025-08-12 15:10:02,113 basehttp: "GET /admin/logs/ HTTP/1.1" 200 7525
INFO 2025-08-12 15:10:02,607 basehttp: "GET /admin/logs/ HTTP/1.1" 200 7525
INFO 2025-08-12 15:10:03,102 basehttp: "GET /admin/logs/ HTTP/1.1" 200 7525
INFO 2025-08-12 15:10:03,484 basehttp: "GET /admin/logs/ HTTP/1.1" 200 7525
INFO 2025-08-12 15:10:03,645 basehttp: "GET /admin/logs/ HTTP/1.1" 200 7525
INFO 2025-08-12 15:10:03,881 basehttp: "GET /admin/logs/ HTTP/1.1" 200 7525
INFO 2025-08-12 15:10:03,906 basehttp: "GET /static/log_viewer/css/log_viewer.css HTTP/1.1" 304 0
INFO 2025-08-12 15:10:08,259 basehttp: "GET /admin/logs/ HTTP/1.1" 200 7525
INFO 2025-08-12 15:10:08,280 basehttp: "GET /static/log_viewer/css/log_viewer.css HTTP/1.1" 304 0
INFO 2025-08-12 15:10:08,893 basehttp: "GET /admin/logs/ HTTP/1.1" 200 7525
INFO 2025-08-12 15:10:14,608 basehttp: "GET /admin/logs/django.log/ HTTP/1.1" 200 33123
INFO 2025-08-12 15:10:14,638 basehttp: "GET /static/log_viewer/css/log_viewer.css HTTP/1.1" 304 0
INFO 2025-08-12 15:10:14,638 basehttp: "GET /static/log_viewer/js/log_viewer.js HTTP/1.1" 200 26615
INFO 2025-08-12 15:10:16,719 basehttp: "GET /admin/logs/ HTTP/1.1" 200 7525
INFO 2025-08-12 15:10:26,880 basehttp: "GET /admin/logs/django.log/ HTTP/1.1" 200 33123
INFO 2025-08-12 15:10:26,913 basehttp: "GET /static/log_viewer/css/log_viewer.css HTTP/1.1" 304 0
INFO 2025-08-12 15:10:36,955 basehttp: "GET /admin/logs/django.log/ajax/?page=1&t=1754998836933 HTTP/1.1" 200 12090
INFO 2025-08-12 15:10:37,030 basehttp: "GET /admin/logs/ HTTP/1.1" 200 7525
INFO 2025-08-12 15:10:50,210 basehttp: "GET /admin/logs/ HTTP/1.1" 200 7525
INFO 2025-08-12 15:10:50,230 basehttp: "GET /static/log_viewer/css/log_viewer.css HTTP/1.1" 304 0
INFO 2025-08-12 15:10:51,360 basehttp: "GET /admin/logs/ HTTP/1.1" 200 7525
INFO 2025-08-12 15:10:52,024 basehttp: "GET /admin/logs/ HTTP/1.1" 200 7525
INFO 2025-08-12 15:10:52,471 basehttp: "GET /admin/logs/ HTTP/1.1" 200 7525
INFO 2025-08-12 15:11:01,235 basehttp: "GET /admin/logs/django.log/ HTTP/1.1" 200 33123
INFO 2025-08-12 15:11:01,266 basehttp: "GET /static/log_viewer/css/log_viewer.css HTTP/1.1" 304 0
INFO 2025-08-12 15:11:01,266 basehttp: "GET /static/log_viewer/js/log_viewer.js HTTP/1.1" 304 0
INFO 2025-08-12 15:11:49,949 basehttp: "GET /admin/logs/django.log/ HTTP/1.1" 200 33123
INFO 2025-08-12 15:11:49,980 basehttp: "GET /static/log_viewer/css/log_viewer.css HTTP/1.1" 304 0
INFO 2025-08-12 15:11:49,980 basehttp: "GET /static/log_viewer/js/log_viewer.js HTTP/1.1" 304 0
INFO 2025-08-12 15:11:50,855 basehttp: "GET /admin/logs/django.log/ HTTP/1.1" 200 33123
INFO 2025-08-12 15:11:51,419 basehttp: "GET /admin/logs/django.log/ HTTP/1.1" 200 33123
INFO 2025-08-12 15:11:51,740 basehttp: "GET /admin/logs/django.log/ HTTP/1.1" 200 33123
INFO 2025-08-12 15:11:52,913 basehttp: "GET /admin/ HTTP/1.1" 200 4556
INFO 2025-08-12 15:11:52,948 basehttp: "GET /static/admin/css/dashboard.css HTTP/1.1" 304 0
INFO 2025-08-12 15:12:20,291 basehttp: "GET /admin/ HTTP/1.1" 200 4556
INFO 2025-08-12 15:12:21,446 basehttp: "GET /admin/ HTTP/1.1" 200 4556
INFO 2025-08-12 15:12:22,096 basehttp: "GET /admin/ HTTP/1.1" 200 4556
INFO 2025-08-12 15:12:43,254 basehttp: "GET /admin/ HTTP/1.1" 200 4556
INFO 2025-08-12 15:12:44,080 basehttp: "GET /admin/ HTTP/1.1" 200 4556
INFO 2025-08-12 15:12:44,574 basehttp: "GET /admin/ HTTP/1.1" 200 4556
INFO 2025-08-12 15:12:44,913 basehttp: "GET /admin/ HTTP/1.1" 200 4556
INFO 2025-08-12 15:12:45,267 basehttp: "GET /admin/ HTTP/1.1" 200 4556
INFO 2025-08-12 15:12:45,408 basehttp: "GET /admin/ HTTP/1.1" 200 4556
INFO 2025-08-12 15:12:45,555 basehttp: "GET /admin/ HTTP/1.1" 200 4556
INFO 2025-08-12 15:12:45,787 basehttp: "GET /admin/ HTTP/1.1" 200 4556
INFO 2025-08-12 15:12:46,790 basehttp: "GET /admin/ HTTP/1.1" 200 4556
INFO 2025-08-12 15:12:55,332 basehttp: "GET /admin/logs/ HTTP/1.1" 200 7525
INFO 2025-08-12 15:12:55,367 basehttp: "GET /static/log_viewer/css/log_viewer.css HTTP/1.1" 304 0
INFO 2025-08-12 15:12:57,532 basehttp: "GET /admin/logs/django.log/ HTTP/1.1" 200 32542
INFO 2025-08-12 15:12:57,564 basehttp: "GET /static/log_viewer/js/log_viewer.js HTTP/1.1" 304 0
INFO 2025-08-12 15:13:07,599 basehttp: "GET /admin/logs/django.log/ajax/?page=1&t=1754998987569 HTTP/1.1" 200 12090
INFO 2025-08-12 15:13:17,608 basehttp: "GET /admin/logs/django.log/ajax/?page=1&t=1754998997579 HTTP/1.1" 200 12090
INFO 2025-08-12 15:13:25,281 basehttp: "GET /admin/logs/django.log/ HTTP/1.1" 200 32542
INFO 2025-08-12 15:13:25,303 basehttp: "GET /static/log_viewer/css/log_viewer.css HTTP/1.1" 304 0
INFO 2025-08-12 15:13:26,121 basehttp: "GET /admin/logs/django.log/ HTTP/1.1" 200 32542
INFO 2025-08-12 15:14:03,710 basehttp: "GET /admin/logs/django.log/ HTTP/1.1" 200 32345
INFO 2025-08-12 15:14:03,740 basehttp: "GET /static/log_viewer/css/log_viewer.css HTTP/1.1" 304 0
INFO 2025-08-12 15:14:03,740 basehttp: "GET /static/log_viewer/js/log_viewer.js HTTP/1.1" 304 0
INFO 2025-08-12 15:14:04,544 basehttp: "GET /admin/logs/django.log/ HTTP/1.1" 200 32345
INFO 2025-08-12 15:14:05,114 basehttp: "GET /admin/logs/django.log/ HTTP/1.1" 200 32345
INFO 2025-08-12 15:14:05,588 basehttp: "GET /admin/logs/django.log/ HTTP/1.1" 200 32345
INFO 2025-08-12 15:14:06,053 basehttp: "GET /admin/logs/django.log/ HTTP/1.1" 200 32345
INFO 2025-08-12 15:14:07,093 basehttp: "GET /admin/logs/django.log/ HTTP/1.1" 200 32345
INFO 2025-08-12 15:14:08,260 basehttp: "GET /admin/logs/django.log/ HTTP/1.1" 200 32345
INFO 2025-08-12 15:14:08,822 basehttp: "GET /admin/logs/django.log/ HTTP/1.1" 200 32345
INFO 2025-08-12 15:14:36,368 basehttp: "GET /admin/logs/django.log/ HTTP/1.1" 200 32345
INFO 2025-08-12 15:14:36,387 basehttp: "GET /static/log_viewer/css/log_viewer.css HTTP/1.1" 304 0
INFO 2025-08-12 15:16:53,859 basehttp: "GET /admin/logs/django.log/ HTTP/1.1" 200 32345
INFO 2025-08-12 15:16:53,891 basehttp: "GET /static/admin/css/base.css HTTP/1.1" 304 0
INFO 2025-08-12 15:16:53,892 basehttp: "GET /static/admin/css/dark_mode.css HTTP/1.1" 304 0
INFO 2025-08-12 15:16:53,893 basehttp: "GET /static/admin/css/nav_sidebar.css HTTP/1.1" 304 0
INFO 2025-08-12 15:16:53,894 basehttp: "GET /static/log_viewer/css/log_viewer.css HTTP/1.1" 304 0
INFO 2025-08-12 15:16:53,894 basehttp: "GET /static/admin/css/responsive.css HTTP/1.1" 304 0
INFO 2025-08-12 15:16:53,895 basehttp: "GET /static/admin/js/theme.js HTTP/1.1" 304 0
INFO 2025-08-12 15:16:53,897 basehttp: "GET /static/admin/js/nav_sidebar.js HTTP/1.1" 304 0
INFO 2025-08-12 15:16:53,912 basehttp: "GET /static/log_viewer/js/log_viewer.js HTTP/1.1" 200 26923
INFO 2025-08-12 15:16:57,175 basehttp: "GET /admin/logs/django.log/?page=35 HTTP/1.1" 200 25211
INFO 2025-08-12 15:16:57,206 basehttp: "GET /static/log_viewer/js/log_viewer.js HTTP/1.1" 304 0
INFO 2025-08-12 15:17:07,251 basehttp: "GET /admin/logs/django.log/ajax/?page=35&t=1754999227224 HTTP/1.1" 200 8615
INFO 2025-08-12 15:17:17,250 basehttp: "GET /admin/logs/django.log/ajax/?page=35&t=1754999237221 HTTP/1.1" 200 9163
INFO 2025-08-12 15:17:27,245 basehttp: "GET /admin/logs/django.log/ajax/?page=35&t=1754999247217 HTTP/1.1" 200 9711
INFO 2025-08-12 15:17:37,237 basehttp: "GET /admin/logs/django.log/ajax/?page=35&t=1754999257210 HTTP/1.1" 200 10259
